#
# There is insufficient memory for the Java Runtime Environment to continue.
# Native memory allocation (malloc) failed to allocate 2938160 bytes for Chunk::new
# Possible reasons:
#   The system is out of physical RAM or swap space
#   The process is running with CompressedOops enabled, and the Java Heap may be blocking the growth of the native heap
# Possible solutions:
#   Reduce memory load on the system
#   Increase physical memory or swap space
#   Check if swap backing store is full
#   Decrease Java heap size (-Xmx/-Xms)
#   Decrease number of Java threads
#   Decrease Java thread stack sizes (-Xss)
#   Set larger code cache with -XX:ReservedCodeCacheSize=
#   JVM is running with Unscaled Compressed Oops mode in which the Java heap is
#     placed in the first 4GB address space. The Java Heap base address is the
#     maximum limit for the native heap growth. Please use -XX:HeapBaseMinAddress
#     to set the Java Heap base and to place the Java Heap above 4GB virtual address.
# This output file may be truncated or incomplete.
#
#  Out of Memory Error (arena.cpp:189), pid=12328, tid=25060
#
# JRE version: OpenJDK Runtime Environment (17.0.7) (build 17.0.7+0-b2043.56-10550314)
# Java VM: OpenJDK 64-Bit Server VM (17.0.7+0-b2043.56-10550314, mixed mode, tiered, compressed oops, compressed class ptrs, g1 gc, windows-amd64)
# No core dump will be written. Minidumps are not enabled by default on client versions of Windows
#

---------------  S U M M A R Y ------------

Command Line: --add-opens=java.base/java.util=ALL-UNNAMED --add-opens=java.base/java.lang=ALL-UNNAMED --add-opens=java.base/java.lang.invoke=ALL-UNNAMED --add-opens=java.prefs/java.util.prefs=ALL-UNNAMED --add-opens=java.base/java.nio.charset=ALL-UNNAMED --add-opens=java.base/java.net=ALL-UNNAMED --add-opens=java.base/java.util.concurrent.atomic=ALL-UNNAMED -Xmx2048m -Dfile.encoding=UTF-8 -Duser.country=US -Duser.language=en -Duser.variant -javaagent:C:\Users\arshadsharif\.gradle\wrapper\dists\gradle-8.2-bin\bbg7u40eoinfdyxsxr3z4i7ta\gradle-8.2\lib\agents\gradle-instrumentation-agent-8.2.jar org.gradle.launcher.daemon.bootstrap.GradleDaemon 8.2

Host: Intel(R) Core(TM) i9-10900 CPU @ 2.80GHz, 20 cores, 15G,  Windows 11 , 64 bit Build 22621 (10.0.22621.2506)
Time: Mon Dec 11 23:47:18 2023 Pakistan Standard Time elapsed time: 6.031139 seconds (0d 0h 0m 6s)

---------------  T H R E A D  ---------------

Current thread (0x00000202c14ae2e0):  JavaThread "C2 CompilerThread1" daemon [_thread_in_native, id=25060, stack(0x000000bd94b00000,0x000000bd94c00000)]


Current CompileTask:
C2:   6031 6195       4       org.objectweb.asm.ClassReader::readCode (5109 bytes)

Stack: [0x000000bd94b00000,0x000000bd94c00000]
Native frames: (J=compiled Java code, j=interpreted, Vv=VM code, C=native code)
V  [jvm.dll+0x683bfa]
V  [jvm.dll+0x8430a4]
V  [jvm.dll+0x8449be]
V  [jvm.dll+0x845023]
V  [jvm.dll+0x24ad2f]
V  [jvm.dll+0xac25c]
V  [jvm.dll+0xac82c]
V  [jvm.dll+0x36a187]
V  [jvm.dll+0x334821]
V  [jvm.dll+0x333cca]
V  [jvm.dll+0x21d251]
V  [jvm.dll+0x21c671]
V  [jvm.dll+0x1a605d]
V  [jvm.dll+0x22c148]
V  [jvm.dll+0x22a209]
V  [jvm.dll+0x7f858c]
V  [jvm.dll+0x7f2aea]
V  [jvm.dll+0x682a35]
C  [ucrtbase.dll+0x29363]
C  [KERNEL32.DLL+0x1257d]
C  [ntdll.dll+0x5aa58]


---------------  P R O C E S S  ---------------

Threads class SMR info:
_java_thread_list=0x00000202c1f603e0, length=62, elements={
0x000002029d4f0cc0, 0x00000202b845e030, 0x00000202b845f5c0, 0x00000202b8486010,
0x00000202b8487ae0, 0x00000202b8488690, 0x00000202b848b050, 0x00000202b848c3f0,
0x00000202b84939c0, 0x00000202b8498bf0, 0x00000202b8593b10, 0x00000202b85d6ad0,
0x00000202b85d7150, 0x00000202b8749770, 0x00000202be7c75a0, 0x00000202be27e4b0,
0x00000202bf10a580, 0x00000202bf00f030, 0x00000202bf00f8d0, 0x00000202bd308cf0,
0x00000202bec65250, 0x00000202bec67090, 0x00000202be69e620, 0x00000202be69c470,
0x00000202be69eaf0, 0x00000202be69d2e0, 0x00000202be69ce10, 0x00000202be69b600,
0x00000202be69c940, 0x00000202be69d7b0, 0x00000202be69dc80, 0x00000202be69b130,
0x00000202be69bad0, 0x00000202be69bfa0, 0x00000202be69e150, 0x00000202bf2c4e60,
0x00000202bf2c3650, 0x00000202bf2c61a0, 0x00000202bf2c5330, 0x00000202bf2c5800,
0x00000202bf2c6670, 0x00000202bf2c6b40, 0x00000202bf2c3180, 0x00000202bf2c3b20,
0x00000202bf2c7010, 0x00000202bf2c44c0, 0x00000202bf2c74e0, 0x00000202bf2c8820,
0x00000202bf2c79b0, 0x00000202c14ae2e0, 0x00000202c0f0cc50, 0x00000202bf2c5cd0,
0x00000202bf2c7e80, 0x00000202bf2c3ff0, 0x00000202bf2c91c0, 0x00000202bf2c2cb0,
0x00000202bf2c9690, 0x00000202bf430d60, 0x00000202c1875040, 0x00000202c030b8b0,
0x00000202bf00d3e0, 0x00000202c2470270
}

Java Threads: ( => current thread )
  0x000002029d4f0cc0 JavaThread "main" [_thread_blocked, id=20284, stack(0x000000bd90200000,0x000000bd90300000)]
  0x00000202b845e030 JavaThread "Reference Handler" daemon [_thread_blocked, id=2140, stack(0x000000bd90900000,0x000000bd90a00000)]
  0x00000202b845f5c0 JavaThread "Finalizer" daemon [_thread_blocked, id=5968, stack(0x000000bd90a00000,0x000000bd90b00000)]
  0x00000202b8486010 JavaThread "Signal Dispatcher" daemon [_thread_blocked, id=11976, stack(0x000000bd90b00000,0x000000bd90c00000)]
  0x00000202b8487ae0 JavaThread "Attach Listener" daemon [_thread_blocked, id=19204, stack(0x000000bd90c00000,0x000000bd90d00000)]
  0x00000202b8488690 JavaThread "Service Thread" daemon [_thread_blocked, id=21112, stack(0x000000bd90d00000,0x000000bd90e00000)]
  0x00000202b848b050 JavaThread "Monitor Deflation Thread" daemon [_thread_blocked, id=20796, stack(0x000000bd90e00000,0x000000bd90f00000)]
  0x00000202b848c3f0 JavaThread "C2 CompilerThread0" daemon [_thread_blocked, id=20836, stack(0x000000bd90f00000,0x000000bd91000000)]
  0x00000202b84939c0 JavaThread "C1 CompilerThread0" daemon [_thread_blocked, id=3944, stack(0x000000bd91000000,0x000000bd91100000)]
  0x00000202b8498bf0 JavaThread "Sweeper thread" daemon [_thread_blocked, id=23740, stack(0x000000bd91100000,0x000000bd91200000)]
  0x00000202b8593b10 JavaThread "Common-Cleaner" daemon [_thread_blocked, id=23948, stack(0x000000bd91200000,0x000000bd91300000)]
  0x00000202b85d6ad0 JavaThread "C1 CompilerThread1" daemon [_thread_blocked, id=10584, stack(0x000000bd91300000,0x000000bd91400000)]
  0x00000202b85d7150 JavaThread "C1 CompilerThread2" daemon [_thread_blocked, id=19920, stack(0x000000bd91400000,0x000000bd91500000)]
  0x00000202b8749770 JavaThread "Notification Thread" daemon [_thread_blocked, id=15472, stack(0x000000bd91600000,0x000000bd91700000)]
  0x00000202be7c75a0 JavaThread "Daemon health stats" [_thread_blocked, id=8360, stack(0x000000bd92000000,0x000000bd92100000)]
  0x00000202be27e4b0 JavaThread "Incoming local TCP Connector on port 62100" [_thread_in_native, id=25488, stack(0x000000bd92100000,0x000000bd92200000)]
  0x00000202bf10a580 JavaThread "Daemon periodic checks" [_thread_blocked, id=12588, stack(0x000000bd92200000,0x000000bd92300000)]
  0x00000202bf00f030 JavaThread "Daemon" [_thread_blocked, id=17708, stack(0x000000bd92300000,0x000000bd92400000)]
  0x00000202bf00f8d0 JavaThread "Handler for socket connection from /127.0.0.1:62100 to /127.0.0.1:62101" [_thread_in_native, id=27152, stack(0x000000bd92400000,0x000000bd92500000)]
  0x00000202bd308cf0 JavaThread "Cancel handler" [_thread_blocked, id=14136, stack(0x000000bd92500000,0x000000bd92600000)]
  0x00000202bec65250 JavaThread "Daemon worker" [_thread_blocked, id=2372, stack(0x000000bd92600000,0x000000bd92700000)]
  0x00000202bec67090 JavaThread "Asynchronous log dispatcher for DefaultDaemonConnection: socket connection from /127.0.0.1:62100 to /127.0.0.1:62101" [_thread_blocked, id=4464, stack(0x000000bd92700000,0x000000bd92800000)]
  0x00000202be69e620 JavaThread "Stdin handler" [_thread_blocked, id=22540, stack(0x000000bd92800000,0x000000bd92900000)]
  0x00000202be69c470 JavaThread "Daemon client event forwarder" [_thread_blocked, id=9544, stack(0x000000bd92900000,0x000000bd92a00000)]
  0x00000202be69eaf0 JavaThread "Cache worker for journal cache (C:\Users\arshadsharif\.gradle\caches\journal-1)" [_thread_blocked, id=26496, stack(0x000000bd93600000,0x000000bd93700000)]
  0x00000202be69d2e0 JavaThread "File lock request listener" [_thread_in_native, id=26508, stack(0x000000bd93700000,0x000000bd93800000)]
  0x00000202be69ce10 JavaThread "Cache worker for file hash cache (C:\Users\arshadsharif\.gradle\caches\8.2\fileHashes)" [_thread_blocked, id=1932, stack(0x000000bd93800000,0x000000bd93900000)]
  0x00000202be69b600 JavaThread "File watcher server" daemon [_thread_in_native, id=11580, stack(0x000000bd93900000,0x000000bd93a00000)]
  0x00000202be69c940 JavaThread "File watcher consumer" daemon [_thread_blocked, id=7864, stack(0x000000bd93a00000,0x000000bd93b00000)]
  0x00000202be69d7b0 JavaThread "jar transforms" [_thread_blocked, id=12192, stack(0x000000bd91500000,0x000000bd91600000)]
  0x00000202be69dc80 JavaThread "jar transforms Thread 2" [_thread_blocked, id=7888, stack(0x000000bd91800000,0x000000bd91900000)]
  0x00000202be69b130 JavaThread "jar transforms Thread 3" [_thread_blocked, id=20448, stack(0x000000bd91900000,0x000000bd91a00000)]
  0x00000202be69bad0 JavaThread "jar transforms Thread 4" [_thread_blocked, id=12128, stack(0x000000bd91a00000,0x000000bd91b00000)]
  0x00000202be69bfa0 JavaThread "jar transforms Thread 5" [_thread_blocked, id=23828, stack(0x000000bd93b00000,0x000000bd93c00000)]
  0x00000202be69e150 JavaThread "jar transforms Thread 6" [_thread_blocked, id=9512, stack(0x000000bd93c00000,0x000000bd93d00000)]
  0x00000202bf2c4e60 JavaThread "jar transforms Thread 7" [_thread_blocked, id=22260, stack(0x000000bd93d00000,0x000000bd93e00000)]
  0x00000202bf2c3650 JavaThread "jar transforms Thread 8" [_thread_blocked, id=9344, stack(0x000000bd93e00000,0x000000bd93f00000)]
  0x00000202bf2c61a0 JavaThread "jar transforms Thread 9" [_thread_in_Java, id=22808, stack(0x000000bd93f00000,0x000000bd94000000)]
  0x00000202bf2c5330 JavaThread "jar transforms Thread 10" [_thread_blocked, id=23260, stack(0x000000bd94000000,0x000000bd94100000)]
  0x00000202bf2c5800 JavaThread "jar transforms Thread 11" [_thread_blocked, id=20280, stack(0x000000bd94100000,0x000000bd94200000)]
  0x00000202bf2c6670 JavaThread "jar transforms Thread 12" [_thread_blocked, id=19884, stack(0x000000bd94200000,0x000000bd94300000)]
  0x00000202bf2c6b40 JavaThread "jar transforms Thread 13" [_thread_blocked, id=27528, stack(0x000000bd94300000,0x000000bd94400000)]
  0x00000202bf2c3180 JavaThread "jar transforms Thread 14" [_thread_blocked, id=18524, stack(0x000000bd94400000,0x000000bd94500000)]
  0x00000202bf2c3b20 JavaThread "jar transforms Thread 15" [_thread_blocked, id=8264, stack(0x000000bd94500000,0x000000bd94600000)]
  0x00000202bf2c7010 JavaThread "jar transforms Thread 16" [_thread_blocked, id=23208, stack(0x000000bd94600000,0x000000bd94700000)]
  0x00000202bf2c44c0 JavaThread "jar transforms Thread 17" [_thread_blocked, id=18460, stack(0x000000bd94700000,0x000000bd94800000)]
  0x00000202bf2c74e0 JavaThread "jar transforms Thread 18" [_thread_blocked, id=2860, stack(0x000000bd94800000,0x000000bd94900000)]
  0x00000202bf2c8820 JavaThread "jar transforms Thread 19" [_thread_blocked, id=23244, stack(0x000000bd94900000,0x000000bd94a00000)]
  0x00000202bf2c79b0 JavaThread "jar transforms Thread 20" [_thread_blocked, id=21108, stack(0x000000bd94a00000,0x000000bd94b00000)]
=>0x00000202c14ae2e0 JavaThread "C2 CompilerThread1" daemon [_thread_in_native, id=25060, stack(0x000000bd94b00000,0x000000bd94c00000)]
  0x00000202c0f0cc50 JavaThread "C2 CompilerThread2" daemon [_thread_in_native, id=20192, stack(0x000000bd94c00000,0x000000bd94d00000)]
  0x00000202bf2c5cd0 JavaThread "Cache worker for checksums cache (C:\Users\arshadsharif\AndroidStudioProjects\AndroidCICD\.gradle\8.2\checksums)" [_thread_blocked, id=18996, stack(0x000000bd94d00000,0x000000bd94e00000)]
  0x00000202bf2c7e80 JavaThread "Cache worker for cache directory md-rule (C:\Users\arshadsharif\.gradle\caches\8.2\md-rule)" [_thread_blocked, id=14116, stack(0x000000bd94e00000,0x000000bd94f00000)]
  0x00000202bf2c3ff0 JavaThread "Cache worker for file content cache (C:\Users\arshadsharif\.gradle\caches\8.2\fileContent)" [_thread_blocked, id=19592, stack(0x000000bd94f00000,0x000000bd95000000)]
  0x00000202bf2c91c0 JavaThread "Cache worker for file hash cache (C:\Users\arshadsharif\AndroidStudioProjects\AndroidCICD\.gradle\8.2\fileHashes)" [_thread_blocked, id=1684, stack(0x000000bd95000000,0x000000bd95100000)]
  0x00000202bf2c2cb0 JavaThread "Cache worker for cache directory md-supplier (C:\Users\arshadsharif\.gradle\caches\8.2\md-supplier)" [_thread_blocked, id=7988, stack(0x000000bd95100000,0x000000bd95200000)]
  0x00000202bf2c9690 JavaThread "Cache worker for execution history cache (C:\Users\arshadsharif\.gradle\caches\8.2\executionHistory)" [_thread_blocked, id=23224, stack(0x000000bd95200000,0x000000bd95300000)]
  0x00000202bf430d60 JavaThread "C2 CompilerThread3" daemon [_thread_blocked, id=27440, stack(0x000000bd95300000,0x000000bd95400000)]
  0x00000202c1875040 JavaThread "C2 CompilerThread4" daemon [_thread_blocked, id=24552, stack(0x000000bd95400000,0x000000bd95500000)]
  0x00000202c030b8b0 JavaThread "C1 CompilerThread3" daemon [_thread_blocked, id=20920, stack(0x000000bd95500000,0x000000bd95600000)]
  0x00000202bf00d3e0 JavaThread "C2 CompilerThread5" daemon [_thread_blocked, id=17940, stack(0x000000bd95600000,0x000000bd95700000)]
  0x00000202c2470270 JavaThread "C2 CompilerThread6" daemon [_thread_blocked, id=26132, stack(0x000000bd95700000,0x000000bd95800000)]

Other Threads:
  0x00000202b843a040 VMThread "VM Thread" [stack: 0x000000bd90800000,0x000000bd90900000] [id=15256]
  0x000002029d59b8c0 WatcherThread [stack: 0x000000bd91700000,0x000000bd91800000] [id=12696]
  0x000002029d54d000 GCTaskThread "GC Thread#0" [stack: 0x000000bd90300000,0x000000bd90400000] [id=19704]
  0x00000202be18f660 GCTaskThread "GC Thread#1" [stack: 0x000000bd91b00000,0x000000bd91c00000] [id=26000]
  0x00000202bebf5260 GCTaskThread "GC Thread#2" [stack: 0x000000bd91c00000,0x000000bd91d00000] [id=23544]
  0x00000202be8d5070 GCTaskThread "GC Thread#3" [stack: 0x000000bd91d00000,0x000000bd91e00000] [id=17712]
  0x00000202bd2fbdc0 GCTaskThread "GC Thread#4" [stack: 0x000000bd91e00000,0x000000bd91f00000] [id=11432]
  0x00000202bd2fc810 GCTaskThread "GC Thread#5" [stack: 0x000000bd91f00000,0x000000bd92000000] [id=21184]
  0x00000202bf3f3590 GCTaskThread "GC Thread#6" [stack: 0x000000bd92a00000,0x000000bd92b00000] [id=24300]
  0x00000202bf22e040 GCTaskThread "GC Thread#7" [stack: 0x000000bd92b00000,0x000000bd92c00000] [id=18136]
  0x00000202bf01fef0 GCTaskThread "GC Thread#8" [stack: 0x000000bd92c00000,0x000000bd92d00000] [id=20968]
  0x00000202be6a2520 GCTaskThread "GC Thread#9" [stack: 0x000000bd92d00000,0x000000bd92e00000] [id=3460]
  0x00000202bff972d0 GCTaskThread "GC Thread#10" [stack: 0x000000bd92e00000,0x000000bd92f00000] [id=1512]
  0x00000202bf0101b0 GCTaskThread "GC Thread#11" [stack: 0x000000bd92f00000,0x000000bd93000000] [id=19436]
  0x00000202c005c830 GCTaskThread "GC Thread#12" [stack: 0x000000bd93000000,0x000000bd93100000] [id=19916]
  0x00000202c005cae0 GCTaskThread "GC Thread#13" [stack: 0x000000bd93100000,0x000000bd93200000] [id=27048]
  0x00000202c005cd90 GCTaskThread "GC Thread#14" [stack: 0x000000bd93200000,0x000000bd93300000] [id=10928]
  0x000002029d55df40 ConcurrentGCThread "G1 Main Marker" [stack: 0x000000bd90400000,0x000000bd90500000] [id=9924]
  0x000002029d55e950 ConcurrentGCThread "G1 Conc#0" [stack: 0x000000bd90500000,0x000000bd90600000] [id=19108]
  0x00000202bf7b7cc0 ConcurrentGCThread "G1 Conc#1" [stack: 0x000000bd93300000,0x000000bd93400000] [id=5452]
  0x00000202bfe775b0 ConcurrentGCThread "G1 Conc#2" [stack: 0x000000bd93400000,0x000000bd93500000] [id=7920]
  0x00000202bfe76030 ConcurrentGCThread "G1 Conc#3" [stack: 0x000000bd93500000,0x000000bd93600000] [id=9576]
  0x00000202b828e230 ConcurrentGCThread "G1 Refine#0" [stack: 0x000000bd90600000,0x000000bd90700000] [id=5356]
  0x00000202b828ea60 ConcurrentGCThread "G1 Service" [stack: 0x000000bd90700000,0x000000bd90800000] [id=25420]

Threads with active compile tasks:
C2 CompilerThread1     6061 6195       4       org.objectweb.asm.ClassReader::readCode (5109 bytes)
C2 CompilerThread2     6061 6199       4       org.gradle.internal.classpath.InstrumentingClasspathFileTransformer$$Lambda$442/0x0000000100524a28::visit (17 bytes)

VM state: not at safepoint (normal execution)

VM Mutex/Monitor currently owned by a thread: None

Heap address: 0x0000000080000000, size: 2048 MB, Compressed Oops mode: 32-bit

CDS archive(s) not mapped
Compressed class space mapped at: 0x0000000100000000-0x0000000140000000, reserved size: 1073741824
Narrow klass base: 0x0000000000000000, Narrow klass shift: 3, Narrow klass range: 0x140000000

GC Precious Log:
 CPUs: 20 total, 20 available
 Memory: 16081M
 Large Page Support: Disabled
 NUMA Support: Disabled
 Compressed Oops: Enabled (32-bit)
 Heap Region Size: 1M
 Heap Min Capacity: 8M
 Heap Initial Capacity: 252M
 Heap Max Capacity: 2G
 Pre-touch: Disabled
 Parallel Workers: 15
 Concurrent Workers: 4
 Concurrent Refinement Workers: 15
 Periodic GC: Disabled

Heap:
 garbage-first heap   total 174080K, used 81937K [0x0000000080000000, 0x0000000100000000)
  region size 1024K, 18 young (18432K), 3 survivors (3072K)
 Metaspace       used 53293K, committed 53632K, reserved 1114112K
  class space    used 7073K, committed 7232K, reserved 1048576K

Heap Regions: E=young(eden), S=young(survivor), O=old, HS=humongous(starts), HC=humongous(continues), CS=collection set, F=free, OA=open archive, CA=closed archive, TAMS=top-at-mark-start (previous, next)
|   0|0x0000000080000000, 0x0000000080100000, 0x0000000080100000|100%|HS|  |TAMS 0x0000000080100000, 0x0000000080000000| Complete 
|   1|0x0000000080100000, 0x0000000080200000, 0x0000000080200000|100%|HC|  |TAMS 0x0000000080200000, 0x0000000080100000| Complete 
|   2|0x0000000080200000, 0x0000000080300000, 0x0000000080300000|100%|HC|  |TAMS 0x0000000080300000, 0x0000000080200000| Complete 
|   3|0x0000000080300000, 0x0000000080400000, 0x0000000080400000|100%|HC|  |TAMS 0x0000000080400000, 0x0000000080300000| Complete 
|   4|0x0000000080400000, 0x0000000080400000, 0x0000000080500000|  0%| F|  |TAMS 0x0000000080400000, 0x0000000080400000| Untracked 
|   5|0x0000000080500000, 0x0000000080600000, 0x0000000080600000|100%| O|  |TAMS 0x0000000080600000, 0x0000000080500000| Untracked 
|   6|0x0000000080600000, 0x0000000080700000, 0x0000000080700000|100%| O|  |TAMS 0x0000000080700000, 0x0000000080600000| Untracked 
|   7|0x0000000080700000, 0x0000000080800000, 0x0000000080800000|100%| O|  |TAMS 0x0000000080800000, 0x0000000080700000| Untracked 
|   8|0x0000000080800000, 0x0000000080900000, 0x0000000080900000|100%| O|  |TAMS 0x0000000080900000, 0x0000000080800000| Untracked 
|   9|0x0000000080900000, 0x0000000080a00000, 0x0000000080a00000|100%| O|  |TAMS 0x0000000080a00000, 0x0000000080900000| Untracked 
|  10|0x0000000080a00000, 0x0000000080b00000, 0x0000000080b00000|100%| O|  |TAMS 0x0000000080b00000, 0x0000000080a00000| Untracked 
|  11|0x0000000080b00000, 0x0000000080b7f000, 0x0000000080c00000| 49%| O|  |TAMS 0x0000000080b7f000, 0x0000000080b00000| Untracked 
|  12|0x0000000080c00000, 0x0000000080d00000, 0x0000000080d00000|100%| O|  |TAMS 0x0000000080d00000, 0x0000000080c00000| Untracked 
|  13|0x0000000080d00000, 0x0000000080e00000, 0x0000000080e00000|100%| O|  |TAMS 0x0000000080e00000, 0x0000000080d00000| Untracked 
|  14|0x0000000080e00000, 0x0000000080f00000, 0x0000000080f00000|100%| O|  |TAMS 0x0000000080f00000, 0x0000000080e00000| Untracked 
|  15|0x0000000080f00000, 0x0000000081000000, 0x0000000081000000|100%| O|  |TAMS 0x0000000081000000, 0x0000000080f00000| Untracked 
|  16|0x0000000081000000, 0x0000000081100000, 0x0000000081100000|100%| O|  |TAMS 0x0000000081100000, 0x0000000081000000| Untracked 
|  17|0x0000000081100000, 0x0000000081200000, 0x0000000081200000|100%| O|  |TAMS 0x0000000081200000, 0x0000000081100000| Untracked 
|  18|0x0000000081200000, 0x0000000081300000, 0x0000000081300000|100%| O|  |TAMS 0x0000000081300000, 0x0000000081200000| Untracked 
|  19|0x0000000081300000, 0x0000000081400000, 0x0000000081400000|100%|HS|  |TAMS 0x0000000081400000, 0x0000000081300000| Complete 
|  20|0x0000000081400000, 0x0000000081500000, 0x0000000081500000|100%|HC|  |TAMS 0x0000000081500000, 0x0000000081400000| Complete 
|  21|0x0000000081500000, 0x0000000081600000, 0x0000000081600000|100%| O|  |TAMS 0x0000000081600000, 0x0000000081500000| Untracked 
|  22|0x0000000081600000, 0x0000000081700000, 0x0000000081700000|100%| O|  |TAMS 0x0000000081700000, 0x0000000081600000| Untracked 
|  23|0x0000000081700000, 0x0000000081800000, 0x0000000081800000|100%| O|  |TAMS 0x0000000081800000, 0x0000000081700000| Untracked 
|  24|0x0000000081800000, 0x0000000081900000, 0x0000000081900000|100%| O|  |TAMS 0x0000000081900000, 0x0000000081800000| Untracked 
|  25|0x0000000081900000, 0x0000000081a00000, 0x0000000081a00000|100%|HS|  |TAMS 0x0000000081a00000, 0x0000000081900000| Complete 
|  26|0x0000000081a00000, 0x0000000081b00000, 0x0000000081b00000|100%|HC|  |TAMS 0x0000000081b00000, 0x0000000081a00000| Complete 
|  27|0x0000000081b00000, 0x0000000081c00000, 0x0000000081c00000|100%|HC|  |TAMS 0x0000000081c00000, 0x0000000081b00000| Complete 
|  28|0x0000000081c00000, 0x0000000081d00000, 0x0000000081d00000|100%|HS|  |TAMS 0x0000000081d00000, 0x0000000081c00000| Complete 
|  29|0x0000000081d00000, 0x0000000081e00000, 0x0000000081e00000|100%|HC|  |TAMS 0x0000000081e00000, 0x0000000081d00000| Complete 
|  30|0x0000000081e00000, 0x0000000081f00000, 0x0000000081f00000|100%| O|  |TAMS 0x0000000081f00000, 0x0000000081e00000| Untracked 
|  31|0x0000000081f00000, 0x0000000082000000, 0x0000000082000000|100%| O|  |TAMS 0x0000000082000000, 0x0000000081f00000| Untracked 
|  32|0x0000000082000000, 0x0000000082100000, 0x0000000082100000|100%|HS|  |TAMS 0x0000000082100000, 0x0000000082000000| Complete 
|  33|0x0000000082100000, 0x0000000082200000, 0x0000000082200000|100%|HC|  |TAMS 0x0000000082200000, 0x0000000082100000| Complete 
|  34|0x0000000082200000, 0x0000000082300000, 0x0000000082300000|100%| O|  |TAMS 0x0000000082300000, 0x0000000082200000| Untracked 
|  35|0x0000000082300000, 0x0000000082400000, 0x0000000082400000|100%| O|  |TAMS 0x0000000082400000, 0x0000000082300000| Untracked 
|  36|0x0000000082400000, 0x0000000082500000, 0x0000000082500000|100%| O|  |TAMS 0x0000000082500000, 0x0000000082400000| Untracked 
|  37|0x0000000082500000, 0x0000000082600000, 0x0000000082600000|100%| O|  |TAMS 0x0000000082600000, 0x0000000082500000| Untracked 
|  38|0x0000000082600000, 0x0000000082700000, 0x0000000082700000|100%| O|  |TAMS 0x0000000082700000, 0x0000000082600000| Untracked 
|  39|0x0000000082700000, 0x0000000082800000, 0x0000000082800000|100%| O|  |TAMS 0x0000000082800000, 0x0000000082700000| Untracked 
|  40|0x0000000082800000, 0x0000000082900000, 0x0000000082900000|100%| O|  |TAMS 0x0000000082900000, 0x0000000082800000| Untracked 
|  41|0x0000000082900000, 0x000000008292ee00, 0x0000000082a00000| 18%| O|  |TAMS 0x000000008292ee00, 0x0000000082900000| Untracked 
|  42|0x0000000082a00000, 0x0000000082b00000, 0x0000000082b00000|100%|HS|  |TAMS 0x0000000082b00000, 0x0000000082a00000| Complete 
|  43|0x0000000082b00000, 0x0000000082c00000, 0x0000000082c00000|100%|HC|  |TAMS 0x0000000082c00000, 0x0000000082b00000| Complete 
|  44|0x0000000082c00000, 0x0000000082d00000, 0x0000000082d00000|100%|HC|  |TAMS 0x0000000082d00000, 0x0000000082c00000| Complete 
|  45|0x0000000082d00000, 0x0000000082e00000, 0x0000000082e00000|100%|HC|  |TAMS 0x0000000082e00000, 0x0000000082d00000| Complete 
|  46|0x0000000082e00000, 0x0000000082f00000, 0x0000000082f00000|100%|HC|  |TAMS 0x0000000082f00000, 0x0000000082e00000| Complete 
|  47|0x0000000082f00000, 0x0000000083000000, 0x0000000083000000|100%|HC|  |TAMS 0x0000000083000000, 0x0000000082f00000| Complete 
|  48|0x0000000083000000, 0x0000000083100000, 0x0000000083100000|100%|HC|  |TAMS 0x0000000083100000, 0x0000000083000000| Complete 
|  49|0x0000000083100000, 0x0000000083200000, 0x0000000083200000|100%|HC|  |TAMS 0x0000000083200000, 0x0000000083100000| Complete 
|  50|0x0000000083200000, 0x0000000083300000, 0x0000000083300000|100%|HC|  |TAMS 0x0000000083300000, 0x0000000083200000| Complete 
|  51|0x0000000083300000, 0x0000000083400000, 0x0000000083400000|100%|HC|  |TAMS 0x0000000083400000, 0x0000000083300000| Complete 
|  52|0x0000000083400000, 0x0000000083500000, 0x0000000083500000|100%|HC|  |TAMS 0x0000000083500000, 0x0000000083400000| Complete 
|  53|0x0000000083500000, 0x0000000083600000, 0x0000000083600000|100%|HC|  |TAMS 0x0000000083600000, 0x0000000083500000| Complete 
|  54|0x0000000083600000, 0x0000000083700000, 0x0000000083700000|100%| O|  |TAMS 0x0000000083700000, 0x0000000083600000| Untracked 
|  55|0x0000000083700000, 0x0000000083800000, 0x0000000083800000|100%| O|  |TAMS 0x0000000083800000, 0x0000000083700000| Untracked 
|  56|0x0000000083800000, 0x0000000083900000, 0x0000000083900000|100%| O|  |TAMS 0x0000000083900000, 0x0000000083800000| Untracked 
|  57|0x0000000083900000, 0x0000000083a00000, 0x0000000083a00000|100%| O|  |TAMS 0x0000000083a00000, 0x0000000083900000| Untracked 
|  58|0x0000000083a00000, 0x0000000083b00000, 0x0000000083b00000|100%|HS|  |TAMS 0x0000000083b00000, 0x0000000083a00000| Complete 
|  59|0x0000000083b00000, 0x0000000083c00000, 0x0000000083c00000|100%|HC|  |TAMS 0x0000000083c00000, 0x0000000083b00000| Complete 
|  60|0x0000000083c00000, 0x0000000083d00000, 0x0000000083d00000|100%| O|  |TAMS 0x0000000083d00000, 0x0000000083c00000| Untracked 
|  61|0x0000000083d00000, 0x0000000083e00000, 0x0000000083e00000|100%| O|  |TAMS 0x0000000083e00000, 0x0000000083d00000| Untracked 
|  62|0x0000000083e00000, 0x0000000083f00000, 0x0000000083f00000|100%| O|  |TAMS 0x0000000083f00000, 0x0000000083e00000| Untracked 
|  63|0x0000000083f00000, 0x0000000084000000, 0x0000000084000000|100%| O|  |TAMS 0x0000000084000000, 0x0000000083f00000| Untracked 
|  64|0x0000000084000000, 0x0000000084100000, 0x0000000084100000|100%| O|  |TAMS 0x0000000084100000, 0x0000000084000000| Untracked 
|  65|0x0000000084100000, 0x0000000084200000, 0x0000000084200000|100%| O|  |TAMS 0x0000000084200000, 0x0000000084100000| Untracked 
|  66|0x0000000084200000, 0x0000000084200000, 0x0000000084300000|  0%| F|  |TAMS 0x0000000084200000, 0x0000000084200000| Untracked 
|  67|0x0000000084300000, 0x0000000084300000, 0x0000000084400000|  0%| F|  |TAMS 0x0000000084300000, 0x0000000084300000| Untracked 
|  68|0x0000000084400000, 0x0000000084400000, 0x0000000084500000|  0%| F|  |TAMS 0x0000000084400000, 0x0000000084400000| Untracked 
|  69|0x0000000084500000, 0x0000000084500000, 0x0000000084600000|  0%| F|  |TAMS 0x0000000084500000, 0x0000000084500000| Untracked 
|  70|0x0000000084600000, 0x0000000084600000, 0x0000000084700000|  0%| F|  |TAMS 0x0000000084600000, 0x0000000084600000| Untracked 
|  71|0x0000000084700000, 0x0000000084700000, 0x0000000084800000|  0%| F|  |TAMS 0x0000000084700000, 0x0000000084700000| Untracked 
|  72|0x0000000084800000, 0x0000000084800000, 0x0000000084900000|  0%| F|  |TAMS 0x0000000084800000, 0x0000000084800000| Untracked 
|  73|0x0000000084900000, 0x0000000084900000, 0x0000000084a00000|  0%| F|  |TAMS 0x0000000084900000, 0x0000000084900000| Untracked 
|  74|0x0000000084a00000, 0x0000000084a00000, 0x0000000084b00000|  0%| F|  |TAMS 0x0000000084a00000, 0x0000000084a00000| Untracked 
|  75|0x0000000084b00000, 0x0000000084b00000, 0x0000000084c00000|  0%| F|  |TAMS 0x0000000084b00000, 0x0000000084b00000| Untracked 
|  76|0x0000000084c00000, 0x0000000084c00000, 0x0000000084d00000|  0%| F|  |TAMS 0x0000000084c00000, 0x0000000084c00000| Untracked 
|  77|0x0000000084d00000, 0x0000000084d00000, 0x0000000084e00000|  0%| F|  |TAMS 0x0000000084d00000, 0x0000000084d00000| Untracked 
|  78|0x0000000084e00000, 0x0000000084e00000, 0x0000000084f00000|  0%| F|  |TAMS 0x0000000084e00000, 0x0000000084e00000| Untracked 
|  79|0x0000000084f00000, 0x0000000084f00000, 0x0000000085000000|  0%| F|  |TAMS 0x0000000084f00000, 0x0000000084f00000| Untracked 
|  80|0x0000000085000000, 0x0000000085056880, 0x0000000085100000| 33%| S|CS|TAMS 0x0000000085000000, 0x0000000085000000| Complete 
|  81|0x0000000085100000, 0x0000000085200000, 0x0000000085200000|100%| S|CS|TAMS 0x0000000085100000, 0x0000000085100000| Complete 
|  82|0x0000000085200000, 0x0000000085300000, 0x0000000085300000|100%| S|CS|TAMS 0x0000000085200000, 0x0000000085200000| Complete 
|  83|0x0000000085300000, 0x0000000085300000, 0x0000000085400000|  0%| F|  |TAMS 0x0000000085300000, 0x0000000085300000| Untracked 
|  84|0x0000000085400000, 0x0000000085400000, 0x0000000085500000|  0%| F|  |TAMS 0x0000000085400000, 0x0000000085400000| Untracked 
|  85|0x0000000085500000, 0x0000000085500000, 0x0000000085600000|  0%| F|  |TAMS 0x0000000085500000, 0x0000000085500000| Untracked 
|  86|0x0000000085600000, 0x0000000085600000, 0x0000000085700000|  0%| F|  |TAMS 0x0000000085600000, 0x0000000085600000| Untracked 
|  87|0x0000000085700000, 0x0000000085700000, 0x0000000085800000|  0%| F|  |TAMS 0x0000000085700000, 0x0000000085700000| Untracked 
|  88|0x0000000085800000, 0x0000000085800000, 0x0000000085900000|  0%| F|  |TAMS 0x0000000085800000, 0x0000000085800000| Untracked 
|  89|0x0000000085900000, 0x0000000085900000, 0x0000000085a00000|  0%| F|  |TAMS 0x0000000085900000, 0x0000000085900000| Untracked 
|  90|0x0000000085a00000, 0x0000000085a00000, 0x0000000085b00000|  0%| F|  |TAMS 0x0000000085a00000, 0x0000000085a00000| Untracked 
|  91|0x0000000085b00000, 0x0000000085b00000, 0x0000000085c00000|  0%| F|  |TAMS 0x0000000085b00000, 0x0000000085b00000| Untracked 
|  92|0x0000000085c00000, 0x0000000085c00000, 0x0000000085d00000|  0%| F|  |TAMS 0x0000000085c00000, 0x0000000085c00000| Untracked 
|  93|0x0000000085d00000, 0x0000000085d00000, 0x0000000085e00000|  0%| F|  |TAMS 0x0000000085d00000, 0x0000000085d00000| Untracked 
|  94|0x0000000085e00000, 0x0000000085e00000, 0x0000000085f00000|  0%| F|  |TAMS 0x0000000085e00000, 0x0000000085e00000| Untracked 
|  95|0x0000000085f00000, 0x0000000085f00000, 0x0000000086000000|  0%| F|  |TAMS 0x0000000085f00000, 0x0000000085f00000| Untracked 
|  96|0x0000000086000000, 0x0000000086000000, 0x0000000086100000|  0%| F|  |TAMS 0x0000000086000000, 0x0000000086000000| Untracked 
|  97|0x0000000086100000, 0x0000000086100000, 0x0000000086200000|  0%| F|  |TAMS 0x0000000086100000, 0x0000000086100000| Untracked 
|  98|0x0000000086200000, 0x0000000086200000, 0x0000000086300000|  0%| F|  |TAMS 0x0000000086200000, 0x0000000086200000| Untracked 
|  99|0x0000000086300000, 0x0000000086300000, 0x0000000086400000|  0%| F|  |TAMS 0x0000000086300000, 0x0000000086300000| Untracked 
| 100|0x0000000086400000, 0x0000000086400000, 0x0000000086500000|  0%| F|  |TAMS 0x0000000086400000, 0x0000000086400000| Untracked 
| 101|0x0000000086500000, 0x0000000086500000, 0x0000000086600000|  0%| F|  |TAMS 0x0000000086500000, 0x0000000086500000| Untracked 
| 102|0x0000000086600000, 0x0000000086600000, 0x0000000086700000|  0%| F|  |TAMS 0x0000000086600000, 0x0000000086600000| Untracked 
| 103|0x0000000086700000, 0x0000000086700000, 0x0000000086800000|  0%| F|  |TAMS 0x0000000086700000, 0x0000000086700000| Untracked 
| 104|0x0000000086800000, 0x0000000086800000, 0x0000000086900000|  0%| F|  |TAMS 0x0000000086800000, 0x0000000086800000| Untracked 
| 105|0x0000000086900000, 0x0000000086900000, 0x0000000086a00000|  0%| F|  |TAMS 0x0000000086900000, 0x0000000086900000| Untracked 
| 106|0x0000000086a00000, 0x0000000086a00000, 0x0000000086b00000|  0%| F|  |TAMS 0x0000000086a00000, 0x0000000086a00000| Untracked 
| 107|0x0000000086b00000, 0x0000000086b00000, 0x0000000086c00000|  0%| F|  |TAMS 0x0000000086b00000, 0x0000000086b00000| Untracked 
| 108|0x0000000086c00000, 0x0000000086c00000, 0x0000000086d00000|  0%| F|  |TAMS 0x0000000086c00000, 0x0000000086c00000| Untracked 
| 109|0x0000000086d00000, 0x0000000086d00000, 0x0000000086e00000|  0%| F|  |TAMS 0x0000000086d00000, 0x0000000086d00000| Untracked 
| 110|0x0000000086e00000, 0x0000000086e00000, 0x0000000086f00000|  0%| F|  |TAMS 0x0000000086e00000, 0x0000000086e00000| Untracked 
| 111|0x0000000086f00000, 0x0000000086f00000, 0x0000000087000000|  0%| F|  |TAMS 0x0000000086f00000, 0x0000000086f00000| Untracked 
| 112|0x0000000087000000, 0x0000000087000000, 0x0000000087100000|  0%| F|  |TAMS 0x0000000087000000, 0x0000000087000000| Untracked 
| 113|0x0000000087100000, 0x0000000087100000, 0x0000000087200000|  0%| F|  |TAMS 0x0000000087100000, 0x0000000087100000| Untracked 
| 114|0x0000000087200000, 0x0000000087200000, 0x0000000087300000|  0%| F|  |TAMS 0x0000000087200000, 0x0000000087200000| Untracked 
| 115|0x0000000087300000, 0x0000000087300000, 0x0000000087400000|  0%| F|  |TAMS 0x0000000087300000, 0x0000000087300000| Untracked 
| 116|0x0000000087400000, 0x0000000087400000, 0x0000000087500000|  0%| F|  |TAMS 0x0000000087400000, 0x0000000087400000| Untracked 
| 117|0x0000000087500000, 0x0000000087500000, 0x0000000087600000|  0%| F|  |TAMS 0x0000000087500000, 0x0000000087500000| Untracked 
| 118|0x0000000087600000, 0x0000000087600000, 0x0000000087700000|  0%| F|  |TAMS 0x0000000087600000, 0x0000000087600000| Untracked 
| 119|0x0000000087700000, 0x0000000087700000, 0x0000000087800000|  0%| F|  |TAMS 0x0000000087700000, 0x0000000087700000| Untracked 
| 120|0x0000000087800000, 0x0000000087800000, 0x0000000087900000|  0%| F|  |TAMS 0x0000000087800000, 0x0000000087800000| Untracked 
| 121|0x0000000087900000, 0x0000000087900000, 0x0000000087a00000|  0%| F|  |TAMS 0x0000000087900000, 0x0000000087900000| Untracked 
| 122|0x0000000087a00000, 0x0000000087a00000, 0x0000000087b00000|  0%| F|  |TAMS 0x0000000087a00000, 0x0000000087a00000| Untracked 
| 123|0x0000000087b00000, 0x0000000087b00000, 0x0000000087c00000|  0%| F|  |TAMS 0x0000000087b00000, 0x0000000087b00000| Untracked 
| 124|0x0000000087c00000, 0x0000000087c00000, 0x0000000087d00000|  0%| F|  |TAMS 0x0000000087c00000, 0x0000000087c00000| Untracked 
| 125|0x0000000087d00000, 0x0000000087d00000, 0x0000000087e00000|  0%| F|  |TAMS 0x0000000087d00000, 0x0000000087d00000| Untracked 
| 126|0x0000000087e00000, 0x0000000087e00000, 0x0000000087f00000|  0%| F|  |TAMS 0x0000000087e00000, 0x0000000087e00000| Untracked 
| 127|0x0000000087f00000, 0x0000000087f00000, 0x0000000088000000|  0%| F|  |TAMS 0x0000000087f00000, 0x0000000087f00000| Untracked 
| 128|0x0000000088000000, 0x0000000088000000, 0x0000000088100000|  0%| F|  |TAMS 0x0000000088000000, 0x0000000088000000| Untracked 
| 129|0x0000000088100000, 0x0000000088100000, 0x0000000088200000|  0%| F|  |TAMS 0x0000000088100000, 0x0000000088100000| Untracked 
| 130|0x0000000088200000, 0x0000000088200000, 0x0000000088300000|  0%| F|  |TAMS 0x0000000088200000, 0x0000000088200000| Untracked 
| 131|0x0000000088300000, 0x0000000088300000, 0x0000000088400000|  0%| F|  |TAMS 0x0000000088300000, 0x0000000088300000| Untracked 
| 132|0x0000000088400000, 0x0000000088400000, 0x0000000088500000|  0%| F|  |TAMS 0x0000000088400000, 0x0000000088400000| Untracked 
| 133|0x0000000088500000, 0x0000000088500000, 0x0000000088600000|  0%| F|  |TAMS 0x0000000088500000, 0x0000000088500000| Untracked 
| 134|0x0000000088600000, 0x0000000088600000, 0x0000000088700000|  0%| F|  |TAMS 0x0000000088600000, 0x0000000088600000| Untracked 
| 135|0x0000000088700000, 0x0000000088700000, 0x0000000088800000|  0%| F|  |TAMS 0x0000000088700000, 0x0000000088700000| Untracked 
| 136|0x0000000088800000, 0x0000000088800000, 0x0000000088900000|  0%| F|  |TAMS 0x0000000088800000, 0x0000000088800000| Untracked 
| 137|0x0000000088900000, 0x0000000088900000, 0x0000000088a00000|  0%| F|  |TAMS 0x0000000088900000, 0x0000000088900000| Untracked 
| 138|0x0000000088a00000, 0x0000000088a00000, 0x0000000088b00000|  0%| F|  |TAMS 0x0000000088a00000, 0x0000000088a00000| Untracked 
| 139|0x0000000088b00000, 0x0000000088b00000, 0x0000000088c00000|  0%| F|  |TAMS 0x0000000088b00000, 0x0000000088b00000| Untracked 
| 140|0x0000000088c00000, 0x0000000088c00000, 0x0000000088d00000|  0%| F|  |TAMS 0x0000000088c00000, 0x0000000088c00000| Untracked 
| 141|0x0000000088d00000, 0x0000000088d00000, 0x0000000088e00000|  0%| F|  |TAMS 0x0000000088d00000, 0x0000000088d00000| Untracked 
| 142|0x0000000088e00000, 0x0000000088e00000, 0x0000000088f00000|  0%| F|  |TAMS 0x0000000088e00000, 0x0000000088e00000| Untracked 
| 143|0x0000000088f00000, 0x0000000088f00000, 0x0000000089000000|  0%| F|  |TAMS 0x0000000088f00000, 0x0000000088f00000| Untracked 
| 144|0x0000000089000000, 0x0000000089000000, 0x0000000089100000|  0%| F|  |TAMS 0x0000000089000000, 0x0000000089000000| Untracked 
| 145|0x0000000089100000, 0x0000000089100000, 0x0000000089200000|  0%| F|  |TAMS 0x0000000089100000, 0x0000000089100000| Untracked 
| 146|0x0000000089200000, 0x0000000089200000, 0x0000000089300000|  0%| F|  |TAMS 0x0000000089200000, 0x0000000089200000| Untracked 
| 147|0x0000000089300000, 0x0000000089300000, 0x0000000089400000|  0%| F|  |TAMS 0x0000000089300000, 0x0000000089300000| Untracked 
| 148|0x0000000089400000, 0x0000000089400000, 0x0000000089500000|  0%| F|  |TAMS 0x0000000089400000, 0x0000000089400000| Untracked 
| 149|0x0000000089500000, 0x0000000089500000, 0x0000000089600000|  0%| F|  |TAMS 0x0000000089500000, 0x0000000089500000| Untracked 
| 150|0x0000000089600000, 0x0000000089600000, 0x0000000089700000|  0%| F|  |TAMS 0x0000000089600000, 0x0000000089600000| Untracked 
| 151|0x0000000089700000, 0x0000000089700000, 0x0000000089800000|  0%| F|  |TAMS 0x0000000089700000, 0x0000000089700000| Untracked 
| 152|0x0000000089800000, 0x0000000089880800, 0x0000000089900000| 50%| E|  |TAMS 0x0000000089800000, 0x0000000089800000| Complete 
| 153|0x0000000089900000, 0x0000000089a00000, 0x0000000089a00000|100%| E|CS|TAMS 0x0000000089900000, 0x0000000089900000| Complete 
| 154|0x0000000089a00000, 0x0000000089b00000, 0x0000000089b00000|100%| E|CS|TAMS 0x0000000089a00000, 0x0000000089a00000| Complete 
| 155|0x0000000089b00000, 0x0000000089c00000, 0x0000000089c00000|100%| E|CS|TAMS 0x0000000089b00000, 0x0000000089b00000| Complete 
| 156|0x0000000089c00000, 0x0000000089d00000, 0x0000000089d00000|100%| E|CS|TAMS 0x0000000089c00000, 0x0000000089c00000| Complete 
| 157|0x0000000089d00000, 0x0000000089e00000, 0x0000000089e00000|100%| E|CS|TAMS 0x0000000089d00000, 0x0000000089d00000| Complete 
| 158|0x0000000089e00000, 0x0000000089f00000, 0x0000000089f00000|100%| E|CS|TAMS 0x0000000089e00000, 0x0000000089e00000| Complete 
| 159|0x0000000089f00000, 0x000000008a000000, 0x000000008a000000|100%| E|CS|TAMS 0x0000000089f00000, 0x0000000089f00000| Complete 
| 195|0x000000008c300000, 0x000000008c400000, 0x000000008c400000|100%| E|CS|TAMS 0x000000008c300000, 0x000000008c300000| Complete 
| 196|0x000000008c400000, 0x000000008c500000, 0x000000008c500000|100%| E|CS|TAMS 0x000000008c400000, 0x000000008c400000| Complete 
| 197|0x000000008c500000, 0x000000008c600000, 0x000000008c600000|100%| E|CS|TAMS 0x000000008c500000, 0x000000008c500000| Complete 
| 198|0x000000008c600000, 0x000000008c700000, 0x000000008c700000|100%| E|CS|TAMS 0x000000008c600000, 0x000000008c600000| Complete 
| 199|0x000000008c700000, 0x000000008c800000, 0x000000008c800000|100%| E|CS|TAMS 0x000000008c700000, 0x000000008c700000| Complete 
| 200|0x000000008c800000, 0x000000008c900000, 0x000000008c900000|100%| E|CS|TAMS 0x000000008c800000, 0x000000008c800000| Complete 
| 201|0x000000008c900000, 0x000000008ca00000, 0x000000008ca00000|100%| E|CS|TAMS 0x000000008c900000, 0x000000008c900000| Complete 
| 202|0x000000008ca00000, 0x000000008cb00000, 0x000000008cb00000|100%| E|CS|TAMS 0x000000008ca00000, 0x000000008ca00000| Complete 
| 203|0x000000008cb00000, 0x000000008cc00000, 0x000000008cc00000|100%| E|CS|TAMS 0x000000008cb00000, 0x000000008cb00000| Complete 
| 251|0x000000008fb00000, 0x000000008fc00000, 0x000000008fc00000|100%| E|CS|TAMS 0x000000008fb00000, 0x000000008fb00000| Complete 

Card table byte_map: [0x00000202b0880000,0x00000202b0c80000] _byte_map_base: 0x00000202b0480000

Marking Bits (Prev, Next): (CMBitMap*) 0x000002029d54d610, (CMBitMap*) 0x000002029d54d650
 Prev Bits: [0x00000202b1080000, 0x00000202b3080000)
 Next Bits: [0x00000202b3080000, 0x00000202b5080000)

Polling page: 0x000002029cbd0000

Metaspace:

Usage:
  Non-class:     45.14 MB used.
      Class:      6.91 MB used.
       Both:     52.04 MB used.

Virtual space:
  Non-class space:       64.00 MB reserved,      45.31 MB ( 71%) committed,  1 nodes.
      Class space:        1.00 GB reserved,       7.06 MB ( <1%) committed,  1 nodes.
             Both:        1.06 GB reserved,      52.38 MB (  5%) committed. 

Chunk freelists:
   Non-Class:  2.19 MB
       Class:  8.88 MB
        Both:  11.07 MB

MaxMetaspaceSize: unlimited
CompressedClassSpaceSize: 1.00 GB
Initial GC threshold: 21.00 MB
Current GC threshold: 87.12 MB
CDS: off
MetaspaceReclaimPolicy: balanced
 - commit_granule_bytes: 65536.
 - commit_granule_words: 8192.
 - virtual_space_node_default_size: 8388608.
 - enlarge_chunks_in_place: 1.
 - new_chunks_are_fully_committed: 0.
 - uncommit_free_chunks: 1.
 - use_allocation_guard: 0.
 - handle_deallocations: 1.


Internal statistics:

num_allocs_failed_limit: 3.
num_arena_births: 438.
num_arena_deaths: 2.
num_vsnodes_births: 2.
num_vsnodes_deaths: 0.
num_space_committed: 838.
num_space_uncommitted: 0.
num_chunks_returned_to_freelist: 6.
num_chunks_taken_from_freelist: 2097.
num_chunk_merges: 3.
num_chunk_splits: 1397.
num_chunks_enlarged: 989.
num_inconsistent_stats: 0.

CodeHeap 'non-profiled nmethods': size=119168Kb used=4170Kb max_used=4336Kb free=114997Kb
 bounds [0x00000202a8560000, 0x00000202a89c0000, 0x00000202af9c0000]
CodeHeap 'profiled nmethods': size=119104Kb used=9729Kb max_used=11613Kb free=109374Kb
 bounds [0x00000202a09c0000, 0x00000202a1520000, 0x00000202a7e10000]
CodeHeap 'non-nmethods': size=7488Kb used=4003Kb max_used=4105Kb free=3484Kb
 bounds [0x00000202a7e10000, 0x00000202a8220000, 0x00000202a8560000]
 total_blobs=5879 nmethods=5043 adapters=744
 compilation: enabled
              stopped_count=0, restarted_count=0
 full_count=0

Compilation events (20 events):
Event: 5.993 Thread 0x00000202b84939c0 nmethod 6223 0x00000202a0f83d10 code [0x00000202a0f83ec0, 0x00000202a0f84188]
Event: 5.993 Thread 0x00000202b85d6ad0 6225       1       org.gradle.internal.classpath.LambdaSerializationTransformer::access$700 (5 bytes)
Event: 5.993 Thread 0x00000202b85d6ad0 nmethod 6225 0x00000202a88e6110 code [0x00000202a88e62a0, 0x00000202a88e6358]
Event: 5.993 Thread 0x00000202bf00d3e0 6226       4       org.objectweb.asm.SymbolTable$Entry::<init> (20 bytes)
Event: 5.996 Thread 0x00000202bf00d3e0 nmethod 6226 0x00000202a8865590 code [0x00000202a8865700, 0x00000202a8865a58]
Event: 5.997 Thread 0x00000202b848c3f0 6227       4       org.objectweb.asm.SymbolTable::addConstantUtf8Reference (101 bytes)
Event: 6.001 Thread 0x00000202bf00d3e0 6228       4       org.gradle.internal.classpath.LambdaSerializationTransformer::access$100 (4 bytes)
Event: 6.001 Thread 0x00000202bf00d3e0 nmethod 6228 0x00000202a87cf490 code [0x00000202a87cf600, 0x00000202a87cf658]
Event: 6.002 Thread 0x00000202bf430d60 nmethod 6133 0x00000202a8685710 code [0x00000202a8685d60, 0x00000202a868c8d0]
Event: 6.011 Thread 0x00000202bf430d60 6229       4       org.objectweb.asm.MethodWriter::visitIincInsn (135 bytes)
Event: 6.016 Thread 0x00000202bf430d60 nmethod 6229 0x00000202a8699c10 code [0x00000202a8699de0, 0x00000202a869a6b0]
Event: 6.017 Thread 0x00000202b848c3f0 nmethod 6227 0x00000202a887e390 code [0x00000202a887e560, 0x00000202a887f6b8]
Event: 6.024 Thread 0x00000202c030b8b0 6230       3       org.objectweb.asm.ClassReader::<init> (371 bytes)
Event: 6.024 Thread 0x00000202b85d7150 6231 %     3       org.objectweb.asm.ClassWriter::toByteArray @ 865 (1535 bytes)
Event: 6.024 Thread 0x00000202b848c3f0 6232       4       org.gradle.internal.classpath.InstrumentingTransformer$InstrumentingVisitor::visitEnd (16 bytes)
Event: 6.024 Thread 0x00000202c030b8b0 nmethod 6230 0x00000202a09e3590 code [0x00000202a09e3880, 0x00000202a09e4bb8]
Event: 6.025 Thread 0x00000202b848c3f0 nmethod 6232 0x00000202a87cef10 code [0x00000202a87cf0a0, 0x00000202a87cf178]
Event: 6.026 Thread 0x00000202b85d7150 nmethod 6231% 0x00000202a0a71510 code [0x00000202a0a71e00, 0x00000202a0a75d28]
Event: 6.029 Thread 0x00000202b85d6ad0 6233       3       org.objectweb.asm.ClassReader::accept (1412 bytes)
Event: 6.029 Thread 0x00000202bf430d60 6234       4       org.objectweb.asm.Context::<init> (5 bytes)

GC Heap History (20 events):
Event: 4.980 GC heap before
{Heap before GC invocations=22 (full 0):
 garbage-first heap   total 114688K, used 79374K [0x0000000080000000, 0x0000000100000000)
  region size 1024K, 16 young (16384K), 1 survivors (1024K)
 Metaspace       used 53118K, committed 53504K, reserved 1114112K
  class space    used 7055K, committed 7232K, reserved 1048576K
}
Event: 4.981 GC heap after
{Heap after GC invocations=23 (full 0):
 garbage-first heap   total 114688K, used 65888K [0x0000000080000000, 0x0000000100000000)
  region size 1024K, 1 young (1024K), 1 survivors (1024K)
 Metaspace       used 53118K, committed 53504K, reserved 1114112K
  class space    used 7055K, committed 7232K, reserved 1048576K
}
Event: 5.116 GC heap before
{Heap before GC invocations=24 (full 0):
 garbage-first heap   total 117760K, used 95584K [0x0000000080000000, 0x0000000100000000)
  region size 1024K, 29 young (29696K), 1 survivors (1024K)
 Metaspace       used 53223K, committed 53632K, reserved 1114112K
  class space    used 7071K, committed 7232K, reserved 1048576K
}
Event: 5.117 GC heap after
{Heap after GC invocations=25 (full 0):
 garbage-first heap   total 117760K, used 65997K [0x0000000080000000, 0x0000000100000000)
  region size 1024K, 1 young (1024K), 1 survivors (1024K)
 Metaspace       used 53223K, committed 53632K, reserved 1114112K
  class space    used 7071K, committed 7232K, reserved 1048576K
}
Event: 5.137 GC heap before
{Heap before GC invocations=25 (full 0):
 garbage-first heap   total 117760K, used 70093K [0x0000000080000000, 0x0000000100000000)
  region size 1024K, 5 young (5120K), 1 survivors (1024K)
 Metaspace       used 53223K, committed 53632K, reserved 1114112K
  class space    used 7071K, committed 7232K, reserved 1048576K
}
Event: 5.138 GC heap after
{Heap after GC invocations=26 (full 0):
 garbage-first heap   total 117760K, used 65568K [0x0000000080000000, 0x0000000100000000)
  region size 1024K, 1 young (1024K), 1 survivors (1024K)
 Metaspace       used 53223K, committed 53632K, reserved 1114112K
  class space    used 7071K, committed 7232K, reserved 1048576K
}
Event: 5.237 GC heap before
{Heap before GC invocations=26 (full 0):
 garbage-first heap   total 117760K, used 97312K [0x0000000080000000, 0x0000000100000000)
  region size 1024K, 32 young (32768K), 1 survivors (1024K)
 Metaspace       used 53228K, committed 53632K, reserved 1114112K
  class space    used 7071K, committed 7232K, reserved 1048576K
}
Event: 5.238 GC heap after
{Heap after GC invocations=27 (full 0):
 garbage-first heap   total 141312K, used 65763K [0x0000000080000000, 0x0000000100000000)
  region size 1024K, 1 young (1024K), 1 survivors (1024K)
 Metaspace       used 53228K, committed 53632K, reserved 1114112K
  class space    used 7071K, committed 7232K, reserved 1048576K
}
Event: 5.403 GC heap before
{Heap before GC invocations=28 (full 0):
 garbage-first heap   total 141312K, used 116963K [0x0000000080000000, 0x0000000100000000)
  region size 1024K, 51 young (52224K), 1 survivors (1024K)
 Metaspace       used 53234K, committed 53632K, reserved 1114112K
  class space    used 7071K, committed 7232K, reserved 1048576K
}
Event: 5.404 GC heap after
{Heap after GC invocations=29 (full 0):
 garbage-first heap   total 141312K, used 66201K [0x0000000080000000, 0x0000000100000000)
  region size 1024K, 1 young (1024K), 1 survivors (1024K)
 Metaspace       used 53234K, committed 53632K, reserved 1114112K
  class space    used 7071K, committed 7232K, reserved 1048576K
}
Event: 5.417 GC heap before
{Heap before GC invocations=29 (full 0):
 garbage-first heap   total 141312K, used 71321K [0x0000000080000000, 0x0000000100000000)
  region size 1024K, 6 young (6144K), 1 survivors (1024K)
 Metaspace       used 53234K, committed 53632K, reserved 1114112K
  class space    used 7071K, committed 7232K, reserved 1048576K
}
Event: 5.418 GC heap after
{Heap after GC invocations=30 (full 0):
 garbage-first heap   total 141312K, used 65786K [0x0000000080000000, 0x0000000100000000)
  region size 1024K, 1 young (1024K), 1 survivors (1024K)
 Metaspace       used 53234K, committed 53632K, reserved 1114112K
  class space    used 7071K, committed 7232K, reserved 1048576K
}
Event: 5.561 GC heap before
{Heap before GC invocations=30 (full 0):
 garbage-first heap   total 141312K, used 119034K [0x0000000080000000, 0x0000000100000000)
  region size 1024K, 53 young (54272K), 1 survivors (1024K)
 Metaspace       used 53240K, committed 53632K, reserved 1114112K
  class space    used 7071K, committed 7232K, reserved 1048576K
}
Event: 5.562 GC heap after
{Heap after GC invocations=31 (full 0):
 garbage-first heap   total 141312K, used 66189K [0x0000000080000000, 0x0000000100000000)
  region size 1024K, 1 young (1024K), 1 survivors (1024K)
 Metaspace       used 53240K, committed 53632K, reserved 1114112K
  class space    used 7071K, committed 7232K, reserved 1048576K
}
Event: 5.731 GC heap before
{Heap before GC invocations=32 (full 0):
 garbage-first heap   total 141312K, used 120461K [0x0000000080000000, 0x0000000100000000)
  region size 1024K, 54 young (55296K), 1 survivors (1024K)
 Metaspace       used 53252K, committed 53632K, reserved 1114112K
  class space    used 7072K, committed 7232K, reserved 1048576K
}
Event: 5.732 GC heap after
{Heap after GC invocations=33 (full 0):
 garbage-first heap   total 141312K, used 66611K [0x0000000080000000, 0x0000000100000000)
  region size 1024K, 2 young (2048K), 2 survivors (2048K)
 Metaspace       used 53252K, committed 53632K, reserved 1114112K
  class space    used 7072K, committed 7232K, reserved 1048576K
}
Event: 5.875 GC heap before
{Heap before GC invocations=33 (full 0):
 garbage-first heap   total 141312K, used 119859K [0x0000000080000000, 0x0000000100000000)
  region size 1024K, 54 young (55296K), 2 survivors (2048K)
 Metaspace       used 53276K, committed 53632K, reserved 1114112K
  class space    used 7073K, committed 7232K, reserved 1048576K
}
Event: 5.877 GC heap after
{Heap after GC invocations=34 (full 0):
 garbage-first heap   total 141312K, used 67146K [0x0000000080000000, 0x0000000100000000)
  region size 1024K, 2 young (2048K), 2 survivors (2048K)
 Metaspace       used 53276K, committed 53632K, reserved 1114112K
  class space    used 7073K, committed 7232K, reserved 1048576K
}
Event: 6.018 GC heap before
{Heap before GC invocations=35 (full 0):
 garbage-first heap   total 141312K, used 121418K [0x0000000080000000, 0x0000000100000000)
  region size 1024K, 55 young (56320K), 2 survivors (2048K)
 Metaspace       used 53287K, committed 53632K, reserved 1114112K
  class space    used 7073K, committed 7232K, reserved 1048576K
}
Event: 6.020 GC heap after
{Heap after GC invocations=36 (full 0):
 garbage-first heap   total 174080K, used 67601K [0x0000000080000000, 0x0000000100000000)
  region size 1024K, 3 young (3072K), 3 survivors (3072K)
 Metaspace       used 53287K, committed 53632K, reserved 1114112K
  class space    used 7073K, committed 7232K, reserved 1048576K
}

Dll operation events (3 events):
Event: 0.010 Loaded shared library C:\Program Files\Android\Android Studio2\jbr\bin\java.dll
Event: 0.089 Loaded shared library C:\Program Files\Android\Android Studio2\jbr\bin\zip.dll
Event: 0.272 Loaded shared library C:\Program Files\Android\Android Studio2\jbr\bin\verify.dll

Deoptimization events (20 events):
Event: 5.978 Thread 0x00000202bf2c61a0 DEOPT PACKING pc=0x00000202a8639a30 sp=0x000000bd93ffe010
Event: 5.978 Thread 0x00000202bf2c61a0 DEOPT UNPACKING pc=0x00000202a7e669a3 sp=0x000000bd93ffe028 mode 2
Event: 6.008 Thread 0x00000202bf2c61a0 DEOPT PACKING pc=0x00000202a149908f sp=0x000000bd93ffe2d0
Event: 6.008 Thread 0x00000202bf2c61a0 DEOPT UNPACKING pc=0x00000202a7e67143 sp=0x000000bd93ffda50 mode 0
Event: 6.022 Thread 0x00000202bf2c61a0 Uncommon trap: trap_request=0xffffff45 fr.pc=0x00000202a86d27a8 relative=0x0000000000000a68
Event: 6.022 Thread 0x00000202bf2c61a0 Uncommon trap: reason=unstable_if action=reinterpret pc=0x00000202a86d27a8 method=org.objectweb.asm.ClassReader.<init>([BIZ)V @ 135 c2
Event: 6.022 Thread 0x00000202bf2c61a0 DEOPT PACKING pc=0x00000202a86d27a8 sp=0x000000bd93ffe9a0
Event: 6.022 Thread 0x00000202bf2c61a0 DEOPT UNPACKING pc=0x00000202a7e669a3 sp=0x000000bd93ffe928 mode 2
Event: 6.022 Thread 0x00000202bf2c61a0 Uncommon trap: trap_request=0xffffff45 fr.pc=0x00000202a899bccc relative=0x000000000000056c
Event: 6.022 Thread 0x00000202bf2c61a0 Uncommon trap: reason=unstable_if action=reinterpret pc=0x00000202a899bccc method=org.objectweb.asm.ClassWriter.visit(IILjava/lang/String;Ljava/lang/String;Ljava/lang/String;[Ljava/lang/String;)V @ 47 c2
Event: 6.022 Thread 0x00000202bf2c61a0 DEOPT PACKING pc=0x00000202a899bccc sp=0x000000bd93ffe6f0
Event: 6.022 Thread 0x00000202bf2c61a0 DEOPT UNPACKING pc=0x00000202a7e669a3 sp=0x000000bd93ffe678 mode 2
Event: 6.022 Thread 0x00000202bf2c61a0 Uncommon trap: trap_request=0xffffff45 fr.pc=0x00000202a8989a98 relative=0x00000000000059f8
Event: 6.022 Thread 0x00000202bf2c61a0 Uncommon trap: reason=unstable_if action=reinterpret pc=0x00000202a8989a98 method=org.objectweb.asm.ClassReader.accept(Lorg/objectweb/asm/ClassVisitor;[Lorg/objectweb/asm/Attribute;I)V @ 712 c2
Event: 6.022 Thread 0x00000202bf2c61a0 DEOPT PACKING pc=0x00000202a8989a98 sp=0x000000bd93ffe840
Event: 6.022 Thread 0x00000202bf2c61a0 DEOPT UNPACKING pc=0x00000202a7e669a3 sp=0x000000bd93ffe878 mode 2
Event: 6.022 Thread 0x00000202bf2c61a0 Uncommon trap: trap_request=0xffffff45 fr.pc=0x00000202a8941ee8 relative=0x0000000000004888
Event: 6.022 Thread 0x00000202bf2c61a0 Uncommon trap: reason=unstable_if action=reinterpret pc=0x00000202a8941ee8 method=org.objectweb.asm.ClassWriter.toByteArray()[B @ 410 c2
Event: 6.022 Thread 0x00000202bf2c61a0 DEOPT PACKING pc=0x00000202a8941ee8 sp=0x000000bd93ffe950
Event: 6.022 Thread 0x00000202bf2c61a0 DEOPT UNPACKING pc=0x00000202a7e669a3 sp=0x000000bd93ffe908 mode 2

Classes unloaded (3 events):
Event: 4.994 Thread 0x00000202b843a040 Unloading class 0x00000001006ac968 '_BuildScript_$_run_closure1$_closure2'
Event: 4.994 Thread 0x00000202b843a040 Unloading class 0x00000001006ac558 '_BuildScript_$_run_closure1'
Event: 4.994 Thread 0x00000202b843a040 Unloading class 0x00000001006ac000 '_BuildScript_'

Classes redefined (0 events):
No events

Internal exceptions (20 events):
Event: 4.540 Thread 0x00000202bec65250 Exception <a 'java/lang/ClassNotFoundException'{0x0000000085451c10}: org/gradle/internal/metaobject/ConfigureDelegateBeanInfo> (0x0000000085451c10) 
thrown [s\src\hotspot\share\classfile\systemDictionary.cpp, line 256]
Event: 4.540 Thread 0x00000202bec65250 Exception <a 'java/lang/ClassNotFoundException'{0x0000000085462310}: org/gradle/internal/metaobject/ConfigureDelegateCustomizer> (0x0000000085462310) 
thrown [s\src\hotspot\share\classfile\systemDictionary.cpp, line 256]
Event: 4.544 Thread 0x00000202bec65250 Exception <a 'java/lang/ClassNotFoundException'{0x00000000854b8338}: org/gradle/api/internal/initialization/DefaultScriptHandlerBeanInfo> (0x00000000854b8338) 
thrown [s\src\hotspot\share\classfile\systemDictionary.cpp, line 256]
Event: 4.545 Thread 0x00000202bec65250 Exception <a 'java/lang/ClassNotFoundException'{0x00000000854c8dc8}: org/gradle/api/internal/initialization/DefaultScriptHandlerCustomizer> (0x00000000854c8dc8) 
thrown [s\src\hotspot\share\classfile\systemDictionary.cpp, line 256]
Event: 4.623 Thread 0x00000202bec65250 Implicit null exception at 0x00000202a87568ec to 0x00000202a87569a0
Event: 4.627 Thread 0x00000202bec65250 Exception <a 'java/lang/ClassNotFoundException'{0x000000008c82cf58}: org/gradle/api/internal/artifacts/dsl/dependencies/DefaultDependencyHandler_DecoratedBeanInfo> (0x000000008c82cf58) 
thrown [s\src\hotspot\share\classfile\systemDictionary.cpp, line 256]
Event: 4.627 Thread 0x00000202bec65250 Exception <a 'java/lang/ClassNotFoundException'{0x000000008c8431a0}: org/gradle/api/internal/artifacts/dsl/dependencies/DefaultDependencyHandlerBeanInfo> (0x000000008c8431a0) 
thrown [s\src\hotspot\share\classfile\systemDictionary.cpp, line 256]
Event: 4.628 Thread 0x00000202bec65250 Exception <a 'java/lang/ClassNotFoundException'{0x000000008c858e90}: org/gradle/api/internal/artifacts/dsl/dependencies/DefaultDependencyHandlerCustomizer> (0x000000008c858e90) 
thrown [s\src\hotspot\share\classfile\systemDictionary.cpp, line 256]
Event: 4.629 Thread 0x00000202bec65250 Exception <a 'java/lang/ClassNotFoundException'{0x000000008c898678}: org/gradle/api/internal/artifacts/dsl/dependencies/DefaultDependencyHandler_DecoratedCustomizer> (0x000000008c898678) 
thrown [s\src\hotspot\share\classfile\systemDictionary.cpp, line 256]
Event: 4.630 Thread 0x00000202bec65250 Exception <a 'java/lang/ClassNotFoundException'{0x000000008c8d9378}: sync_studio_tooling1998_cbhldyzlb7gjd8l4yr0zn0wp9$_run_closure1BeanInfo> (0x000000008c8d9378) 
thrown [s\src\hotspot\share\classfile\systemDictionary.cpp, line 256]
Event: 4.631 Thread 0x00000202bec65250 Exception <a 'java/lang/ClassNotFoundException'{0x000000008c8e0390}: sync_studio_tooling1998_cbhldyzlb7gjd8l4yr0zn0wp9$_run_closure1Customizer> (0x000000008c8e0390) 
thrown [s\src\hotspot\share\classfile\systemDictionary.cpp, line 256]
Event: 4.652 Thread 0x00000202bec65250 Exception <a 'java/lang/NoSuchMethodError'{0x000000008c546118}: 'java.lang.Object java.lang.invoke.DirectMethodHandle$Holder.newInvokeSpecial(java.lang.Object, int, java.lang.Object)'> (0x000000008c546118) 
thrown [s\src\hotspot\share\interpreter\linkResolver.cpp, line 771]
Event: 4.676 Thread 0x00000202bec65250 Exception <a 'java/lang/NoSuchMethodError'{0x00000000863e1df0}: 'void java.lang.invoke.DirectMethodHandle$Holder.invokeInterface(java.lang.Object, java.lang.Object)'> (0x00000000863e1df0) 
thrown [s\src\hotspot\share\interpreter\linkResolver.cpp, line 771]
Event: 4.823 Thread 0x00000202bec65250 Exception <a 'java/lang/NoSuchMethodError'{0x0000000085b91f50}: 'int java.lang.invoke.DirectMethodHandle$Holder.invokeStatic(java.lang.Object)'> (0x0000000085b91f50) 
thrown [s\src\hotspot\share\interpreter\linkResolver.cpp, line 771]
Event: 4.823 Thread 0x00000202bec65250 Exception <a 'java/lang/NoSuchMethodError'{0x0000000085b96340}: 'int java.lang.invoke.DirectMethodHandle$Holder.invokeStaticInit(java.lang.Object)'> (0x0000000085b96340) 
thrown [s\src\hotspot\share\interpreter\linkResolver.cpp, line 771]
Event: 4.829 Thread 0x00000202bf2c5800 Exception <a 'sun/nio/fs/WindowsException'{0x0000000085a1c4e0}> (0x0000000085a1c4e0) 
thrown [s\src\hotspot\share\prims\jni.cpp, line 517]
Event: 4.829 Thread 0x00000202bf2c61a0 Exception <a 'sun/nio/fs/WindowsException'{0x0000000085a254e0}> (0x0000000085a254e0) 
thrown [s\src\hotspot\share\prims\jni.cpp, line 517]
Event: 4.969 Thread 0x00000202bf2c5800 Exception <a 'sun/nio/fs/WindowsException'{0x000000008622a250}> (0x000000008622a250) 
thrown [s\src\hotspot\share\prims\jni.cpp, line 517]
Event: 4.970 Thread 0x00000202bf2c5800 Exception <a 'sun/nio/fs/WindowsException'{0x000000008622a3f8}> (0x000000008622a3f8) 
thrown [s\src\hotspot\share\prims\jni.cpp, line 517]
Event: 5.380 Thread 0x00000202bf2c61a0 Implicit null exception at 0x00000202a87cf1b0 to 0x00000202a87cf350

VM Operations (20 events):
Event: 5.572 Executing VM operation: G1Concurrent
Event: 5.575 Executing VM operation: G1Concurrent done
Event: 5.579 Executing VM operation: G1Concurrent
Event: 5.579 Executing VM operation: G1Concurrent done
Event: 5.722 Executing VM operation: HandshakeAllThreads
Event: 5.723 Executing VM operation: HandshakeAllThreads done
Event: 5.730 Executing VM operation: G1CollectForAllocation
Event: 5.732 Executing VM operation: G1CollectForAllocation done
Event: 5.839 Executing VM operation: HandshakeAllThreads
Event: 5.839 Executing VM operation: HandshakeAllThreads done
Event: 5.859 Executing VM operation: HandshakeAllThreads
Event: 5.859 Executing VM operation: HandshakeAllThreads done
Event: 5.875 Executing VM operation: G1CollectForAllocation
Event: 5.877 Executing VM operation: G1CollectForAllocation done
Event: 5.888 Executing VM operation: G1Concurrent
Event: 5.890 Executing VM operation: G1Concurrent done
Event: 5.895 Executing VM operation: G1Concurrent
Event: 5.895 Executing VM operation: G1Concurrent done
Event: 6.018 Executing VM operation: G1CollectForAllocation
Event: 6.020 Executing VM operation: G1CollectForAllocation done

Events (20 events):
Event: 5.864 Thread 0x00000202b8498bf0 flushing nmethod 0x00000202a11ced10
Event: 5.864 Thread 0x00000202b8498bf0 flushing nmethod 0x00000202a11db510
Event: 5.864 Thread 0x00000202b8498bf0 flushing nmethod 0x00000202a11fd810
Event: 5.864 Thread 0x00000202b8498bf0 flushing nmethod 0x00000202a11fdd10
Event: 5.864 Thread 0x00000202b8498bf0 flushing nmethod 0x00000202a12a1e90
Event: 5.864 Thread 0x00000202b8498bf0 flushing nmethod 0x00000202a12b0790
Event: 5.864 Thread 0x00000202b8498bf0 flushing nmethod 0x00000202a1367410
Event: 5.864 Thread 0x00000202b8498bf0 flushing nmethod 0x00000202a1390810
Event: 5.865 Thread 0x00000202b8498bf0 flushing nmethod 0x00000202a13f8410
Event: 5.865 Thread 0x00000202b8498bf0 flushing nmethod 0x00000202a142eb10
Event: 5.865 Thread 0x00000202b8498bf0 flushing nmethod 0x00000202a1430490
Event: 5.865 Thread 0x00000202b8498bf0 flushing nmethod 0x00000202a1436090
Event: 5.865 Thread 0x00000202b8498bf0 flushing nmethod 0x00000202a1437a10
Event: 5.865 Thread 0x00000202b8498bf0 flushing nmethod 0x00000202a143b910
Event: 5.865 Thread 0x00000202b8498bf0 flushing nmethod 0x00000202a143ee10
Event: 5.865 Thread 0x00000202b8498bf0 flushing nmethod 0x00000202a146be10
Event: 5.865 Thread 0x00000202b8498bf0 flushing nmethod 0x00000202a1472410
Event: 5.865 Thread 0x00000202b8498bf0 flushing nmethod 0x00000202a1472f10
Event: 5.865 Thread 0x00000202b8498bf0 flushing nmethod 0x00000202a14b1b10
Event: 5.865 Thread 0x00000202b8498bf0 flushing nmethod 0x00000202a14c5710


Dynamic libraries:
0x00007ff609bd0000 - 0x00007ff609bda000 	C:\Program Files\Android\Android Studio2\jbr\bin\java.exe
0x00007ffbcf5d0000 - 0x00007ffbcf7e7000 	C:\WINDOWS\SYSTEM32\ntdll.dll
0x00007ffbce620000 - 0x00007ffbce6e4000 	C:\WINDOWS\System32\KERNEL32.DLL
0x00007ffbcca60000 - 0x00007ffbcce05000 	C:\WINDOWS\System32\KERNELBASE.dll
0x00007ffbcd060000 - 0x00007ffbcd171000 	C:\WINDOWS\System32\ucrtbase.dll
0x00007ffba7c80000 - 0x00007ffba7c97000 	C:\Program Files\Android\Android Studio2\jbr\bin\jli.dll
0x00007ffbbd3f0000 - 0x00007ffbbd40b000 	C:\Program Files\Android\Android Studio2\jbr\bin\VCRUNTIME140.dll
0x00007ffbce3f0000 - 0x00007ffbce59e000 	C:\WINDOWS\System32\USER32.dll
0x00007ffbcd2f0000 - 0x00007ffbcd316000 	C:\WINDOWS\System32\win32u.dll
0x00007ffba99a0000 - 0x00007ffba9c33000 	C:\WINDOWS\WinSxS\amd64_microsoft.windows.common-controls_6595b64144ccf1df_6.0.22621.2506_none_270c5ae97388e100\COMCTL32.dll
0x00007ffbcd3f0000 - 0x00007ffbcd419000 	C:\WINDOWS\System32\GDI32.dll
0x00007ffbcd580000 - 0x00007ffbcd627000 	C:\WINDOWS\System32\msvcrt.dll
0x00007ffbcce10000 - 0x00007ffbccf29000 	C:\WINDOWS\System32\gdi32full.dll
0x00007ffbcc940000 - 0x00007ffbcc9da000 	C:\WINDOWS\System32\msvcp_win.dll
0x00007ffbcd540000 - 0x00007ffbcd571000 	C:\WINDOWS\System32\IMM32.DLL
0x000002029cbf0000 - 0x000002029cc04000 	C:\WINDOWS\System32\umppc17605.dll
0x00007ffbc8640000 - 0x00007ffbc864c000 	C:\Program Files\Android\Android Studio2\jbr\bin\vcruntime140_1.dll
0x00007ffb9ee20000 - 0x00007ffb9eead000 	C:\Program Files\Android\Android Studio2\jbr\bin\msvcp140.dll
0x00007ffb24a80000 - 0x00007ffb25700000 	C:\Program Files\Android\Android Studio2\jbr\bin\server\jvm.dll
0x00007ffbcd320000 - 0x00007ffbcd3d1000 	C:\WINDOWS\System32\ADVAPI32.dll
0x00007ffbceac0000 - 0x00007ffbceb66000 	C:\WINDOWS\System32\sechost.dll
0x00007ffbcd420000 - 0x00007ffbcd537000 	C:\WINDOWS\System32\RPCRT4.dll
0x00007ffb75b10000 - 0x00007ffb75b19000 	C:\WINDOWS\SYSTEM32\WSOCK32.dll
0x00007ffbce5a0000 - 0x00007ffbce611000 	C:\WINDOWS\System32\WS2_32.dll
0x00007ffbb1db0000 - 0x00007ffbb1de4000 	C:\WINDOWS\SYSTEM32\WINMM.dll
0x00007ffbc5ac0000 - 0x00007ffbc5aca000 	C:\WINDOWS\SYSTEM32\VERSION.dll
0x00007ffbcb940000 - 0x00007ffbcb958000 	C:\WINDOWS\SYSTEM32\kernel.appcore.dll
0x00007ffbc5390000 - 0x00007ffbc539a000 	C:\Program Files\Android\Android Studio2\jbr\bin\jimage.dll
0x00007ffbc54c0000 - 0x00007ffbc56f3000 	C:\WINDOWS\SYSTEM32\DBGHELP.DLL
0x00007ffbcde90000 - 0x00007ffbce219000 	C:\WINDOWS\System32\combase.dll
0x00007ffbcf280000 - 0x00007ffbcf357000 	C:\WINDOWS\System32\OLEAUT32.dll
0x00007ffbaeb20000 - 0x00007ffbaeb52000 	C:\WINDOWS\SYSTEM32\dbgcore.DLL
0x00007ffbcc9e0000 - 0x00007ffbcca5a000 	C:\WINDOWS\System32\bcryptPrimitives.dll
0x00007ffbae8f0000 - 0x00007ffbae8fe000 	C:\Program Files\Android\Android Studio2\jbr\bin\instrument.dll
0x00007ffbb0dd0000 - 0x00007ffbb0df5000 	C:\Program Files\Android\Android Studio2\jbr\bin\java.dll
0x00007ffbb4fe0000 - 0x00007ffbb4ff8000 	C:\Program Files\Android\Android Studio2\jbr\bin\zip.dll
0x00007ffbcd630000 - 0x00007ffbcde89000 	C:\WINDOWS\System32\SHELL32.dll
0x00007ffbca6d0000 - 0x00007ffbcafc4000 	C:\WINDOWS\SYSTEM32\windows.storage.dll
0x00007ffbca540000 - 0x00007ffbca67e000 	C:\WINDOWS\SYSTEM32\wintypes.dll
0x00007ffbcf0f0000 - 0x00007ffbcf1e3000 	C:\WINDOWS\System32\SHCORE.dll
0x00007ffbceba0000 - 0x00007ffbcebfe000 	C:\WINDOWS\System32\shlwapi.dll
0x00007ffbcc870000 - 0x00007ffbcc896000 	C:\WINDOWS\SYSTEM32\profapi.dll
0x00007ffbb17c0000 - 0x00007ffbb17d9000 	C:\Program Files\Android\Android Studio2\jbr\bin\net.dll
0x00007ffbc69b0000 - 0x00007ffbc6ae7000 	C:\WINDOWS\SYSTEM32\WINHTTP.dll
0x00007ffbcbdc0000 - 0x00007ffbcbe29000 	C:\WINDOWS\system32\mswsock.dll
0x00007ffbb0db0000 - 0x00007ffbb0dc6000 	C:\Program Files\Android\Android Studio2\jbr\bin\nio.dll
0x00007ffbb0fc0000 - 0x00007ffbb0fd0000 	C:\Program Files\Android\Android Studio2\jbr\bin\verify.dll
0x00007ffbb9650000 - 0x00007ffbb9677000 	C:\Users\arshadsharif\.gradle\native\68d5fa5c4cc2d200863cafc0d521ce42e7d3e7ee720ec0a83991735586a16f82\windows-amd64\native-platform.dll
0x00007ffb8a180000 - 0x00007ffb8a2c4000 	C:\Users\arshadsharif\.gradle\native\e376f236ea51e6404a007f0833ffe2c6e607c4080706a723a18a27aeea778392\windows-amd64\native-platform-file-events.dll
0x00007ffbb0da0000 - 0x00007ffbb0da9000 	C:\Program Files\Android\Android Studio2\jbr\bin\management.dll
0x00007ffbb0c80000 - 0x00007ffbb0c8b000 	C:\Program Files\Android\Android Studio2\jbr\bin\management_ext.dll
0x00007ffbcf1f0000 - 0x00007ffbcf1f8000 	C:\WINDOWS\System32\PSAPI.DLL
0x00007ffbcc010000 - 0x00007ffbcc02b000 	C:\WINDOWS\SYSTEM32\CRYPTSP.dll
0x00007ffbcb8a0000 - 0x00007ffbcb8d5000 	C:\WINDOWS\system32\rsaenh.dll
0x00007ffbcbeb0000 - 0x00007ffbcbedc000 	C:\WINDOWS\SYSTEM32\USERENV.dll
0x00007ffbcc1f0000 - 0x00007ffbcc218000 	C:\WINDOWS\SYSTEM32\bcrypt.dll
0x00007ffbcc030000 - 0x00007ffbcc03c000 	C:\WINDOWS\SYSTEM32\CRYPTBASE.dll
0x00007ffbcb1d0000 - 0x00007ffbcb1fd000 	C:\WINDOWS\SYSTEM32\IPHLPAPI.DLL
0x00007ffbce220000 - 0x00007ffbce229000 	C:\WINDOWS\System32\NSI.dll
0x00007ffbc6880000 - 0x00007ffbc6899000 	C:\WINDOWS\SYSTEM32\dhcpcsvc6.DLL
0x00007ffbc6840000 - 0x00007ffbc685f000 	C:\WINDOWS\SYSTEM32\dhcpcsvc.DLL
0x00007ffbcb200000 - 0x00007ffbcb2f9000 	C:\WINDOWS\SYSTEM32\DNSAPI.dll
0x00007ffb1b900000 - 0x00007ffb1b908000 	C:\WINDOWS\system32\wshunix.dll

dbghelp: loaded successfully - version: 4.0.5 - missing functions: none
symbol engine: initialized successfully - sym options: 0x614 - pdb path: .;C:\Program Files\Android\Android Studio2\jbr\bin;C:\WINDOWS\SYSTEM32;C:\WINDOWS\WinSxS\amd64_microsoft.windows.common-controls_6595b64144ccf1df_6.0.22621.2506_none_270c5ae97388e100;C:\Program Files\Android\Android Studio2\jbr\bin\server;C:\Users\arshadsharif\.gradle\native\68d5fa5c4cc2d200863cafc0d521ce42e7d3e7ee720ec0a83991735586a16f82\windows-amd64;C:\Users\arshadsharif\.gradle\native\e376f236ea51e6404a007f0833ffe2c6e607c4080706a723a18a27aeea778392\windows-amd64

VM Arguments:
jvm_args: --add-opens=java.base/java.util=ALL-UNNAMED --add-opens=java.base/java.lang=ALL-UNNAMED --add-opens=java.base/java.lang.invoke=ALL-UNNAMED --add-opens=java.prefs/java.util.prefs=ALL-UNNAMED --add-opens=java.base/java.nio.charset=ALL-UNNAMED --add-opens=java.base/java.net=ALL-UNNAMED --add-opens=java.base/java.util.concurrent.atomic=ALL-UNNAMED -Xmx2048m -Dfile.encoding=UTF-8 -Duser.country=US -Duser.language=en -Duser.variant -javaagent:C:\Users\arshadsharif\.gradle\wrapper\dists\gradle-8.2-bin\bbg7u40eoinfdyxsxr3z4i7ta\gradle-8.2\lib\agents\gradle-instrumentation-agent-8.2.jar 
java_command: org.gradle.launcher.daemon.bootstrap.GradleDaemon 8.2
java_class_path (initial): C:\Users\arshadsharif\.gradle\wrapper\dists\gradle-8.2-bin\bbg7u40eoinfdyxsxr3z4i7ta\gradle-8.2\lib\gradle-launcher-8.2.jar
Launcher Type: SUN_STANDARD

[Global flags]
     intx CICompilerCount                          = 12                                        {product} {ergonomic}
     uint ConcGCThreads                            = 4                                         {product} {ergonomic}
     uint G1ConcRefinementThreads                  = 15                                        {product} {ergonomic}
   size_t G1HeapRegionSize                         = 1048576                                   {product} {ergonomic}
    uintx GCDrainStackTargetSize                   = 64                                        {product} {ergonomic}
   size_t InitialHeapSize                          = 264241152                                 {product} {ergonomic}
   size_t MarkStackSize                            = 4194304                                   {product} {ergonomic}
   size_t MaxHeapSize                              = 2147483648                                {product} {command line}
   size_t MaxNewSize                               = 1287651328                                {product} {ergonomic}
   size_t MinHeapDeltaBytes                        = 1048576                                   {product} {ergonomic}
   size_t MinHeapSize                              = 8388608                                   {product} {ergonomic}
    uintx NonNMethodCodeHeapSize                   = 7602480                                {pd product} {ergonomic}
    uintx NonProfiledCodeHeapSize                  = 122027880                              {pd product} {ergonomic}
    uintx ProfiledCodeHeapSize                     = 122027880                              {pd product} {ergonomic}
    uintx ReservedCodeCacheSize                    = 251658240                              {pd product} {ergonomic}
     bool SegmentedCodeCache                       = true                                      {product} {ergonomic}
   size_t SoftMaxHeapSize                          = 2147483648                             {manageable} {ergonomic}
     bool UseCompressedClassPointers               = true                           {product lp64_product} {ergonomic}
     bool UseCompressedOops                        = true                           {product lp64_product} {ergonomic}
     bool UseG1GC                                  = true                                      {product} {ergonomic}
     bool UseLargePagesIndividualAllocation        = false                                  {pd product} {ergonomic}

Logging:
Log output configuration:
 #0: stdout all=warning uptime,level,tags
 #1: stderr all=off uptime,level,tags

Environment Variables:
JAVA_HOME=C:\Program Files\java\jdk-11.0.14
PATH=C:\Program Files\Common Files\Oracle\Java\javapath;C:\WINDOWS\system32;C:\WINDOWS;C:\WINDOWS\System32\Wbem;C:\WINDOWS\System32\WindowsPowerShell\v1.0\;C:\WINDOWS\System32\OpenSSH\;C:\Program Files\dotnet\;C:\Program Files\Microsoft SQL Server\130\Tools\Binn\;C:\Program Files\Microsoft SQL Server\Client SDK\ODBC\170\Tools\Binn\;C:\Program Files (x86)\Microsoft SQL Server\Client SDK\ODBC\130\Tools\Binn\;C:\Program Files (x86)\Microsoft SQL Server\140\Tools\Binn\;C:\Program Files (x86)\Microsoft SQL Server\140\DTS\Binn\;C:\Program Files (x86)\Microsoft SQL Server\140\Tools\Binn\ManagementStudio\;C:\Program Files\Microsoft VS Code\bin;C:\Sdk;C:\Program Files (x86)\nodejs\;C:\Program Files\Java\jdk-11.0.14;C:\Program Files\Git\cmd;C:\Ruby32-x64\bin;C:\Users\arshadsharif\AppData\Local\Microsoft\WindowsApps;C:\Users\arshadsharif\AppData\Local\Programs\Git\cmd
USERNAME=ARSHADSHARIF
OS=Windows_NT
PROCESSOR_IDENTIFIER=Intel64 Family 6 Model 165 Stepping 5, GenuineIntel
TMP=C:\Users\ARSHAD~1\AppData\Local\Temp
TEMP=C:\Users\ARSHAD~1\AppData\Local\Temp


JNI global refs:
JNI global refs: 35, weak refs: 0

JNI global refs memory usage: 1475, weak refs: 841

OOME stack traces (most recent first):
Classloader memory used:
Loader org.gradle.internal.classloader.VisitableURLClassLoader                         : 3430K
Loader bootstrap                                                                       : 2403K
Loader org.gradle.initialization.MixInLegacyTypesClassLoader                           : 659K
Loader jdk.internal.loader.ClassLoaders$PlatformClassLoader                            : 65840B
Loader org.gradle.internal.classloader.VisitableURLClassLoader                         : 50749B
Loader jdk.internal.loader.ClassLoaders$AppClassLoader                                 : 28352B
Loader jdk.internal.reflect.DelegatingClassLoader                                      : 22392B
Loader org.gradle.groovy.scripts.internal.DefaultScriptCompilationHandler$ScriptClassLoader: 3707B
Loader org.codehaus.groovy.runtime.callsite.CallSiteClassLoader                        : 876B

Classes loaded by more than one classloader:
Class org.gradle.api.GradleException                                                  : loaded 3 times (x 80B)
Class org.gradle.util.GradleVersion                                                   : loaded 2 times (x 81B)
Class org.gradle.internal.classpath.ClassPath                                         : loaded 2 times (x 68B)
Class org.gradle.api.internal.classpath.DefaultModuleRegistry                         : loaded 2 times (x 84B)
Class org.gradle.api.Action                                                           : loaded 2 times (x 68B)
Class org.gradle.api.internal.DefaultClassPathProvider                                : loaded 2 times (x 74B)
Class org.gradle.internal.installation.GradleInstallation$1                           : loaded 2 times (x 73B)
Class org.gradle.internal.exceptions.DefaultMultiCauseException                       : loaded 2 times (x 85B)
Class org.gradle.internal.time.MonotonicClock                                         : loaded 2 times (x 75B)
Class org.gradle.internal.classloader.FilteringClassLoader                            : loaded 2 times (x 102B)
Class org.gradle.internal.classpath.DefaultClassPath$ImmutableUniqueList$Builder      : loaded 2 times (x 73B)
Class org.gradle.internal.classloader.ClassLoaderVisitor                              : loaded 2 times (x 74B)
Class org.gradle.internal.time.DefaultCountdownTimer                                  : loaded 2 times (x 86B)
Class org.gradle.internal.service.DefaultServiceLocator                               : loaded 2 times (x 81B)
Class org.gradle.internal.service.UnknownServiceException                             : loaded 2 times (x 81B)
Class org.gradle.internal.classloader.DefaultClassLoaderFactory                       : loaded 2 times (x 80B)
Class org.gradle.internal.classloader.VisitableURLClassLoader$Spec                    : loaded 2 times (x 72B)
Class org.gradle.tooling.model.ProjectModel                                           : loaded 2 times (x 68B)
Class org.gradle.internal.installation.GradleInstallation                             : loaded 2 times (x 73B)
Class org.gradle.api.internal.classpath.ModuleRegistry                                : loaded 2 times (x 68B)
Class org.gradle.api.internal.ClassPathProvider                                       : loaded 2 times (x 68B)
Class org.gradle.internal.classloader.ClasspathUtil$1                                 : loaded 2 times (x 74B)
Class org.gradle.internal.classloader.ClassLoaderFactory                              : loaded 2 times (x 68B)
Class org.gradle.api.internal.classpath.ManifestUtil                                  : loaded 2 times (x 69B)
Class org.gradle.api.specs.Spec                                                       : loaded 2 times (x 68B)
Class org.gradle.internal.IoActions                                                   : loaded 2 times (x 69B)
Class org.gradle.api.internal.classpath.EffectiveClassPath                            : loaded 2 times (x 88B)
Class org.gradle.internal.installation.CurrentGradleInstallation                      : loaded 2 times (x 71B)
Class org.gradle.internal.agents.InstrumentingClassLoader                             : loaded 2 times (x 68B)
Class org.gradle.internal.installation.CurrentGradleInstallationLocator               : loaded 2 times (x 69B)
Class org.gradle.api.internal.classpath.Module                                        : loaded 2 times (x 68B)
Class org.gradle.internal.service.CachingServiceLocator                               : loaded 2 times (x 80B)
Class org.gradle.internal.time.Timer                                                  : loaded 2 times (x 68B)
Class org.gradle.internal.classpath.DefaultClassPath                                  : loaded 2 times (x 88B)
Class org.gradle.internal.time.Time                                                   : loaded 2 times (x 69B)
Class org.gradle.internal.time.TimeSource$1                                           : loaded 2 times (x 75B)
Class org.gradle.internal.classloader.SystemClassLoaderSpec                           : loaded 2 times (x 69B)
Class kotlin.Function                                                                 : loaded 2 times (x 68B)
Class org.gradle.api.UncheckedIOException                                             : loaded 2 times (x 80B)
Class org.gradle.internal.time.CountdownTimer                                         : loaded 2 times (x 68B)
Class org.gradle.internal.time.Clock                                                  : loaded 2 times (x 68B)
Class org.gradle.internal.classloader.ClasspathUtil                                   : loaded 2 times (x 69B)
Class org.gradle.api.internal.DefaultClassPathRegistry                                : loaded 2 times (x 74B)
Class org.gradle.api.internal.classpath.DefaultModuleRegistry$DefaultModule           : loaded 2 times (x 84B)
Class org.gradle.internal.time.TimeSource                                             : loaded 2 times (x 68B)
Class org.gradle.api.internal.classpath.UnknownModuleException                        : loaded 2 times (x 80B)
Class org.gradle.internal.service.ServiceLookupException                              : loaded 2 times (x 80B)
Class org.gradle.cache.GlobalCache                                                    : loaded 2 times (x 68B)
Class [Lorg.gradle.api.internal.ClassPathProvider;                                    : loaded 2 times (x 67B)
Class org.gradle.internal.operations.MultipleBuildOperationFailures                   : loaded 2 times (x 85B)
Class org.gradle.util.internal.GUtil                                                  : loaded 2 times (x 69B)
Class org.gradle.internal.classloader.ClassLoaderSpec                                 : loaded 2 times (x 69B)
Class org.gradle.internal.classloader.VisitableURLClassLoader                         : loaded 2 times (x 114B)
Class org.gradle.internal.Cast                                                        : loaded 2 times (x 69B)
Class org.gradle.api.internal.ClassPathRegistry                                       : loaded 2 times (x 68B)
Class org.gradle.internal.classloader.VisitableURLClassLoader$InstrumentingVisitableURLClassLoader: loaded 2 times (x 120B)
Class org.gradle.internal.classloader.ClassLoaderHierarchy                            : loaded 2 times (x 68B)
Class org.gradle.internal.exceptions.MultiCauseException                              : loaded 2 times (x 68B)
Class org.gradle.internal.InternalTransformer                                         : loaded 2 times (x 68B)
Class org.gradle.internal.service.ServiceLocator                                      : loaded 2 times (x 68B)
Class org.gradle.internal.classpath.DefaultClassPath$ImmutableUniqueList              : loaded 2 times (x 159B)
Class org.gradle.internal.time.DefaultTimer                                           : loaded 2 times (x 78B)
Class org.gradle.internal.classpath.TransformedClassPath                              : loaded 2 times (x 94B)


---------------  S Y S T E M  ---------------

OS:
 Windows 11 , 64 bit Build 22621 (10.0.22621.2506)
OS uptime: 3 days 3:07 hours

CPU: total 20 (initial active 20) (10 cores per cpu, 2 threads per core) family 6 model 165 stepping 5 microcode 0xf0, cx8, cmov, fxsr, ht, mmx, 3dnowpref, sse, sse2, sse3, ssse3, sse4.1, sse4.2, popcnt, lzcnt, tsc, tscinvbit, avx, avx2, aes, erms, clmul, bmi1, bmi2, adx, fma, vzeroupper, clflush, clflushopt

Memory: 4k page, system-wide physical 16081M (3461M free)
TotalPageFile size 16081M (AvailPageFile size 29M)
current process WorkingSet (physical memory assigned to process): 391M, peak: 396M
current process commit charge ("private bytes"): 461M, peak: 486M

vm_info: OpenJDK 64-Bit Server VM (17.0.7+0-b2043.56-10550314) for windows-amd64 JRE (17.0.7+0-b2043.56-10550314), built on Jul 24 2023 18:27:45 by "androidbuild" with MS VC++ 16.10 / 16.11 (VS2019)

END.
